[2026-06-12T13:56:05.544+0000] {processor.py:161} INFO - Started process (PID=340) to work on /opt/airflow/dags/main.py
[2026-06-12T13:56:05.551+0000] {processor.py:830} INFO - Processing file /opt/airflow/dags/main.py for tasks to queue
[2026-06-12T13:56:05.555+0000] {logging_mixin.py:188} INFO - [2026-06-12T13:56:05.554+0000] {dagbag.py:545} INFO - Filling up the DagBag from /opt/airflow/dags/main.py
[2026-06-12T13:56:06.593+0000] {logging_mixin.py:188} INFO - nextPageToken: None
[2026-06-12T13:56:06.609+0000] {logging_mixin.py:188} INFO - [2026-06-12T13:56:06.602+0000] {dagbag.py:355} ERROR - Failed to import: /opt/airflow/dags/main.py
Traceback (most recent call last):
  File "/home/airflow/.local/lib/python3.10/site-packages/airflow/models/dagbag.py", line 351, in parse
    loader.exec_module(new_module)
  File "<frozen importlib._bootstrap_external>", line 883, in exec_module
  File "<frozen importlib._bootstrap>", line 241, in _call_with_frames_removed
  File "/opt/airflow/dags/main.py", line 39, in <module>
    playlist_Id >> video_ids >> extract_data > save_to_json
TypeError: unsupported operand type(s) for >>: 'list' and 'list'
[2026-06-12T13:56:06.612+0000] {processor.py:842} WARNING - No viable dags retrieved from /opt/airflow/dags/main.py
[2026-06-12T13:56:06.655+0000] {processor.py:183} INFO - Processing /opt/airflow/dags/main.py took 1.123 seconds
[2026-06-12T13:56:36.857+0000] {processor.py:161} INFO - Started process (PID=347) to work on /opt/airflow/dags/main.py
[2026-06-12T13:56:36.860+0000] {processor.py:830} INFO - Processing file /opt/airflow/dags/main.py for tasks to queue
[2026-06-12T13:56:36.865+0000] {logging_mixin.py:188} INFO - [2026-06-12T13:56:36.864+0000] {dagbag.py:545} INFO - Filling up the DagBag from /opt/airflow/dags/main.py
[2026-06-12T13:56:37.367+0000] {logging_mixin.py:188} INFO - nextPageToken: None
[2026-06-12T13:56:37.389+0000] {logging_mixin.py:188} INFO - [2026-06-12T13:56:37.373+0000] {dagbag.py:355} ERROR - Failed to import: /opt/airflow/dags/main.py
Traceback (most recent call last):
  File "/home/airflow/.local/lib/python3.10/site-packages/airflow/models/dagbag.py", line 351, in parse
    loader.exec_module(new_module)
  File "<frozen importlib._bootstrap_external>", line 883, in exec_module
  File "<frozen importlib._bootstrap>", line 241, in _call_with_frames_removed
  File "/opt/airflow/dags/main.py", line 39, in <module>
    playlist_Id >> video_ids >> extract_data > save_to_json
TypeError: unsupported operand type(s) for >>: 'list' and 'list'
[2026-06-12T13:56:37.397+0000] {processor.py:842} WARNING - No viable dags retrieved from /opt/airflow/dags/main.py
[2026-06-12T13:56:37.443+0000] {processor.py:183} INFO - Processing /opt/airflow/dags/main.py took 0.607 seconds
[2026-06-12T13:56:49.943+0000] {processor.py:161} INFO - Started process (PID=354) to work on /opt/airflow/dags/main.py
[2026-06-12T13:56:49.947+0000] {processor.py:830} INFO - Processing file /opt/airflow/dags/main.py for tasks to queue
[2026-06-12T13:56:49.952+0000] {logging_mixin.py:188} INFO - [2026-06-12T13:56:49.951+0000] {dagbag.py:545} INFO - Filling up the DagBag from /opt/airflow/dags/main.py
[2026-06-12T13:56:50.710+0000] {logging_mixin.py:188} INFO - nextPageToken: None
[2026-06-12T13:56:51.071+0000] {logging_mixin.py:188} INFO - [2026-06-12T13:56:51.054+0000] {dagbag.py:355} ERROR - Failed to import: /opt/airflow/dags/main.py
Traceback (most recent call last):
  File "/home/airflow/.local/lib/python3.10/site-packages/airflow/models/dagbag.py", line 351, in parse
    loader.exec_module(new_module)
  File "<frozen importlib._bootstrap_external>", line 883, in exec_module
  File "<frozen importlib._bootstrap>", line 241, in _call_with_frames_removed
  File "/opt/airflow/dags/main.py", line 39, in <module>
    playlist_Id >> video_ids >> extract_data > save_to_json
TypeError: unsupported operand type(s) for >>: 'list' and 'list'
[2026-06-12T13:56:51.073+0000] {processor.py:842} WARNING - No viable dags retrieved from /opt/airflow/dags/main.py
[2026-06-12T13:56:51.198+0000] {processor.py:183} INFO - Processing /opt/airflow/dags/main.py took 1.278 seconds
[2026-06-12T13:57:21.447+0000] {processor.py:161} INFO - Started process (PID=361) to work on /opt/airflow/dags/main.py
[2026-06-12T13:57:21.451+0000] {processor.py:830} INFO - Processing file /opt/airflow/dags/main.py for tasks to queue
[2026-06-12T13:57:21.457+0000] {logging_mixin.py:188} INFO - [2026-06-12T13:57:21.456+0000] {dagbag.py:545} INFO - Filling up the DagBag from /opt/airflow/dags/main.py
[2026-06-12T13:57:22.009+0000] {logging_mixin.py:188} INFO - nextPageToken: None
[2026-06-12T13:57:22.018+0000] {logging_mixin.py:188} INFO - [2026-06-12T13:57:22.015+0000] {dagbag.py:355} ERROR - Failed to import: /opt/airflow/dags/main.py
Traceback (most recent call last):
  File "/home/airflow/.local/lib/python3.10/site-packages/airflow/models/dagbag.py", line 351, in parse
    loader.exec_module(new_module)
  File "<frozen importlib._bootstrap_external>", line 883, in exec_module
  File "<frozen importlib._bootstrap>", line 241, in _call_with_frames_removed
  File "/opt/airflow/dags/main.py", line 39, in <module>
    playlist_Id >> video_ids >> extract_data > save_to_json
TypeError: unsupported operand type(s) for >>: 'list' and 'list'
[2026-06-12T13:57:22.020+0000] {processor.py:842} WARNING - No viable dags retrieved from /opt/airflow/dags/main.py
[2026-06-12T13:57:22.051+0000] {processor.py:183} INFO - Processing /opt/airflow/dags/main.py took 0.621 seconds
[2026-06-12T13:57:32.227+0000] {processor.py:161} INFO - Started process (PID=362) to work on /opt/airflow/dags/main.py
[2026-06-12T13:57:32.229+0000] {processor.py:830} INFO - Processing file /opt/airflow/dags/main.py for tasks to queue
[2026-06-12T13:57:32.237+0000] {logging_mixin.py:188} INFO - [2026-06-12T13:57:32.236+0000] {dagbag.py:545} INFO - Filling up the DagBag from /opt/airflow/dags/main.py
[2026-06-12T13:57:32.750+0000] {logging_mixin.py:188} INFO - nextPageToken: None
[2026-06-12T13:57:32.770+0000] {logging_mixin.py:188} INFO - [2026-06-12T13:57:32.767+0000] {dagbag.py:355} ERROR - Failed to import: /opt/airflow/dags/main.py
Traceback (most recent call last):
  File "/home/airflow/.local/lib/python3.10/site-packages/airflow/models/dagbag.py", line 351, in parse
    loader.exec_module(new_module)
  File "<frozen importlib._bootstrap_external>", line 883, in exec_module
  File "<frozen importlib._bootstrap>", line 241, in _call_with_frames_removed
  File "/opt/airflow/dags/main.py", line 39, in <module>
    playlist_Id >> video_ids >> extract_data >> save_to_json
TypeError: unsupported operand type(s) for >>: 'list' and 'list'
[2026-06-12T13:57:32.772+0000] {processor.py:842} WARNING - No viable dags retrieved from /opt/airflow/dags/main.py
[2026-06-12T13:57:32.806+0000] {processor.py:183} INFO - Processing /opt/airflow/dags/main.py took 0.592 seconds
[2026-06-12T13:58:03.082+0000] {processor.py:161} INFO - Started process (PID=369) to work on /opt/airflow/dags/main.py
[2026-06-12T13:58:03.085+0000] {processor.py:830} INFO - Processing file /opt/airflow/dags/main.py for tasks to queue
[2026-06-12T13:58:03.089+0000] {logging_mixin.py:188} INFO - [2026-06-12T13:58:03.089+0000] {dagbag.py:545} INFO - Filling up the DagBag from /opt/airflow/dags/main.py
[2026-06-12T13:58:03.589+0000] {logging_mixin.py:188} INFO - nextPageToken: None
[2026-06-12T13:58:03.605+0000] {logging_mixin.py:188} INFO - [2026-06-12T13:58:03.598+0000] {dagbag.py:355} ERROR - Failed to import: /opt/airflow/dags/main.py
Traceback (most recent call last):
  File "/home/airflow/.local/lib/python3.10/site-packages/airflow/models/dagbag.py", line 351, in parse
    loader.exec_module(new_module)
  File "<frozen importlib._bootstrap_external>", line 883, in exec_module
  File "<frozen importlib._bootstrap>", line 241, in _call_with_frames_removed
  File "/opt/airflow/dags/main.py", line 39, in <module>
    playlist_Id >> video_ids >> extract_data >> save_to_json
TypeError: unsupported operand type(s) for >>: 'list' and 'list'
[2026-06-12T13:58:03.607+0000] {processor.py:842} WARNING - No viable dags retrieved from /opt/airflow/dags/main.py
[2026-06-12T13:58:03.642+0000] {processor.py:183} INFO - Processing /opt/airflow/dags/main.py took 0.573 seconds
[2026-06-12T13:58:34.336+0000] {processor.py:161} INFO - Started process (PID=378) to work on /opt/airflow/dags/main.py
[2026-06-12T13:58:34.344+0000] {processor.py:830} INFO - Processing file /opt/airflow/dags/main.py for tasks to queue
[2026-06-12T13:58:34.348+0000] {logging_mixin.py:188} INFO - [2026-06-12T13:58:34.347+0000] {dagbag.py:545} INFO - Filling up the DagBag from /opt/airflow/dags/main.py
[2026-06-12T13:58:34.866+0000] {logging_mixin.py:188} INFO - nextPageToken: None
[2026-06-12T13:58:34.895+0000] {logging_mixin.py:188} INFO - [2026-06-12T13:58:34.884+0000] {dagbag.py:355} ERROR - Failed to import: /opt/airflow/dags/main.py
Traceback (most recent call last):
  File "/home/airflow/.local/lib/python3.10/site-packages/airflow/models/dagbag.py", line 351, in parse
    loader.exec_module(new_module)
  File "<frozen importlib._bootstrap_external>", line 883, in exec_module
  File "<frozen importlib._bootstrap>", line 241, in _call_with_frames_removed
  File "/opt/airflow/dags/main.py", line 39, in <module>
    playlist_Id >> video_ids >> extract_data >> save_to_json
TypeError: unsupported operand type(s) for >>: 'list' and 'list'
[2026-06-12T13:58:34.901+0000] {processor.py:842} WARNING - No viable dags retrieved from /opt/airflow/dags/main.py
[2026-06-12T13:58:34.956+0000] {processor.py:183} INFO - Processing /opt/airflow/dags/main.py took 0.641 seconds
[2026-06-12T13:59:05.438+0000] {processor.py:161} INFO - Started process (PID=385) to work on /opt/airflow/dags/main.py
[2026-06-12T13:59:05.440+0000] {processor.py:830} INFO - Processing file /opt/airflow/dags/main.py for tasks to queue
[2026-06-12T13:59:05.444+0000] {logging_mixin.py:188} INFO - [2026-06-12T13:59:05.443+0000] {dagbag.py:545} INFO - Filling up the DagBag from /opt/airflow/dags/main.py
[2026-06-12T13:59:05.968+0000] {logging_mixin.py:188} INFO - nextPageToken: None
[2026-06-12T13:59:06.008+0000] {logging_mixin.py:188} INFO - [2026-06-12T13:59:05.980+0000] {dagbag.py:355} ERROR - Failed to import: /opt/airflow/dags/main.py
Traceback (most recent call last):
  File "/home/airflow/.local/lib/python3.10/site-packages/airflow/models/dagbag.py", line 351, in parse
    loader.exec_module(new_module)
  File "<frozen importlib._bootstrap_external>", line 883, in exec_module
  File "<frozen importlib._bootstrap>", line 241, in _call_with_frames_removed
  File "/opt/airflow/dags/main.py", line 39, in <module>
    playlist_Id >> video_ids >> extract_data >> save_to_json
TypeError: unsupported operand type(s) for >>: 'list' and 'list'
[2026-06-12T13:59:06.012+0000] {processor.py:842} WARNING - No viable dags retrieved from /opt/airflow/dags/main.py
[2026-06-12T13:59:06.075+0000] {processor.py:183} INFO - Processing /opt/airflow/dags/main.py took 0.651 seconds
[2026-06-12T13:59:12.356+0000] {processor.py:161} INFO - Started process (PID=391) to work on /opt/airflow/dags/main.py
[2026-06-12T13:59:12.358+0000] {processor.py:830} INFO - Processing file /opt/airflow/dags/main.py for tasks to queue
[2026-06-12T13:59:12.362+0000] {logging_mixin.py:188} INFO - [2026-06-12T13:59:12.362+0000] {dagbag.py:545} INFO - Filling up the DagBag from /opt/airflow/dags/main.py
[2026-06-12T13:59:12.559+0000] {processor.py:840} INFO - DAG(s) 'produce_json' retrieved from /opt/airflow/dags/main.py
[2026-06-12T13:59:13.049+0000] {logging_mixin.py:188} INFO - [2026-06-12T13:59:13.048+0000] {override.py:1829} INFO - Created Permission View: can read on DAG:produce_json
[2026-06-12T13:59:13.083+0000] {logging_mixin.py:188} INFO - [2026-06-12T13:59:13.082+0000] {override.py:1829} INFO - Created Permission View: can delete on DAG:produce_json
[2026-06-12T13:59:13.116+0000] {logging_mixin.py:188} INFO - [2026-06-12T13:59:13.115+0000] {override.py:1829} INFO - Created Permission View: can edit on DAG:produce_json
[2026-06-12T13:59:13.122+0000] {logging_mixin.py:188} INFO - [2026-06-12T13:59:13.121+0000] {dag.py:3096} INFO - Sync 1 DAGs
[2026-06-12T13:59:13.156+0000] {logging_mixin.py:188} INFO - [2026-06-12T13:59:13.155+0000] {dag.py:3118} INFO - Creating ORM DAG for produce_json
[2026-06-12T13:59:13.188+0000] {logging_mixin.py:188} INFO - [2026-06-12T13:59:13.181+0000] {dag.py:3954} INFO - Setting next_dagrun for produce_json to 2026-06-11 12:00:00+00:00, run_after=2026-06-12 12:00:00+00:00
[2026-06-12T13:59:13.237+0000] {processor.py:183} INFO - Processing /opt/airflow/dags/main.py took 0.922 seconds
[2026-06-12T13:59:21.672+0000] {processor.py:161} INFO - Started process (PID=392) to work on /opt/airflow/dags/main.py
[2026-06-12T13:59:21.676+0000] {processor.py:830} INFO - Processing file /opt/airflow/dags/main.py for tasks to queue
[2026-06-12T13:59:21.680+0000] {logging_mixin.py:188} INFO - [2026-06-12T13:59:21.680+0000] {dagbag.py:545} INFO - Filling up the DagBag from /opt/airflow/dags/main.py
[2026-06-12T13:59:21.806+0000] {processor.py:840} INFO - DAG(s) 'produce_json' retrieved from /opt/airflow/dags/main.py
[2026-06-12T13:59:21.839+0000] {logging_mixin.py:188} INFO - [2026-06-12T13:59:21.839+0000] {dag.py:3096} INFO - Sync 1 DAGs
[2026-06-12T13:59:21.897+0000] {logging_mixin.py:188} INFO - [2026-06-12T13:59:21.897+0000] {dag.py:3954} INFO - Setting next_dagrun for produce_json to 2026-06-11 12:00:00+00:00, run_after=2026-06-12 12:00:00+00:00
[2026-06-12T13:59:21.954+0000] {processor.py:183} INFO - Processing /opt/airflow/dags/main.py took 0.305 seconds
[2026-06-12T13:59:52.064+0000] {processor.py:161} INFO - Started process (PID=399) to work on /opt/airflow/dags/main.py
[2026-06-12T13:59:52.070+0000] {processor.py:830} INFO - Processing file /opt/airflow/dags/main.py for tasks to queue
[2026-06-12T13:59:52.091+0000] {logging_mixin.py:188} INFO - [2026-06-12T13:59:52.085+0000] {dagbag.py:545} INFO - Filling up the DagBag from /opt/airflow/dags/main.py
[2026-06-12T13:59:52.234+0000] {processor.py:840} INFO - DAG(s) 'produce_json' retrieved from /opt/airflow/dags/main.py
[2026-06-12T13:59:52.282+0000] {logging_mixin.py:188} INFO - [2026-06-12T13:59:52.281+0000] {dag.py:3096} INFO - Sync 1 DAGs
[2026-06-12T13:59:52.318+0000] {logging_mixin.py:188} INFO - [2026-06-12T13:59:52.318+0000] {dag.py:3954} INFO - Setting next_dagrun for produce_json to 2026-06-11 12:00:00+00:00, run_after=2026-06-12 12:00:00+00:00
[2026-06-12T13:59:52.344+0000] {processor.py:183} INFO - Processing /opt/airflow/dags/main.py took 0.303 seconds
[2026-06-12T14:00:09.552+0000] {processor.py:161} INFO - Started process (PID=400) to work on /opt/airflow/dags/main.py
[2026-06-12T14:00:09.640+0000] {processor.py:830} INFO - Processing file /opt/airflow/dags/main.py for tasks to queue
[2026-06-12T14:00:09.645+0000] {logging_mixin.py:188} INFO - [2026-06-12T14:00:09.645+0000] {dagbag.py:545} INFO - Filling up the DagBag from /opt/airflow/dags/main.py
[2026-06-12T14:00:09.923+0000] {processor.py:840} INFO - DAG(s) 'produce_json' retrieved from /opt/airflow/dags/main.py
[2026-06-12T14:00:09.977+0000] {logging_mixin.py:188} INFO - [2026-06-12T14:00:09.976+0000] {dag.py:3096} INFO - Sync 1 DAGs
[2026-06-12T14:00:10.030+0000] {logging_mixin.py:188} INFO - [2026-06-12T14:00:10.030+0000] {dag.py:3954} INFO - Setting next_dagrun for produce_json to 2026-06-11 12:00:00+00:00, run_after=2026-06-12 12:00:00+00:00
[2026-06-12T14:00:10.072+0000] {processor.py:183} INFO - Processing /opt/airflow/dags/main.py took 0.553 seconds
[2026-06-12T14:00:17.244+0000] {processor.py:161} INFO - Started process (PID=407) to work on /opt/airflow/dags/main.py
[2026-06-12T14:00:17.247+0000] {processor.py:830} INFO - Processing file /opt/airflow/dags/main.py for tasks to queue
[2026-06-12T14:00:17.253+0000] {logging_mixin.py:188} INFO - [2026-06-12T14:00:17.253+0000] {dagbag.py:545} INFO - Filling up the DagBag from /opt/airflow/dags/main.py
[2026-06-12T14:00:17.366+0000] {logging_mixin.py:188} INFO - [2026-06-12T14:00:17.361+0000] {dagbag.py:355} ERROR - Failed to import: /opt/airflow/dags/main.py
Traceback (most recent call last):
  File "/home/airflow/.local/lib/python3.10/site-packages/airflow/models/dagbag.py", line 351, in parse
    loader.exec_module(new_module)
  File "<frozen importlib._bootstrap_external>", line 883, in exec_module
  File "<frozen importlib._bootstrap>", line 241, in _call_with_frames_removed
  File "/opt/airflow/dags/main.py", line 39, in <module>
    playlist_Id >> video_ids >> extract_data > save_to_json
TypeError: '>' not supported between instances of 'PlainXComArg' and 'PlainXComArg'
[2026-06-12T14:00:17.368+0000] {processor.py:842} WARNING - No viable dags retrieved from /opt/airflow/dags/main.py
[2026-06-12T14:00:17.408+0000] {processor.py:183} INFO - Processing /opt/airflow/dags/main.py took 0.177 seconds
[2026-06-12T14:00:20.439+0000] {processor.py:161} INFO - Started process (PID=408) to work on /opt/airflow/dags/main.py
[2026-06-12T14:00:20.444+0000] {processor.py:830} INFO - Processing file /opt/airflow/dags/main.py for tasks to queue
[2026-06-12T14:00:20.461+0000] {logging_mixin.py:188} INFO - [2026-06-12T14:00:20.461+0000] {dagbag.py:545} INFO - Filling up the DagBag from /opt/airflow/dags/main.py
[2026-06-12T14:00:20.646+0000] {processor.py:840} INFO - DAG(s) 'produce_json' retrieved from /opt/airflow/dags/main.py
[2026-06-12T14:00:20.730+0000] {logging_mixin.py:188} INFO - [2026-06-12T14:00:20.729+0000] {dag.py:3096} INFO - Sync 1 DAGs
[2026-06-12T14:00:20.778+0000] {logging_mixin.py:188} INFO - [2026-06-12T14:00:20.777+0000] {dag.py:3954} INFO - Setting next_dagrun for produce_json to 2026-06-11 12:00:00+00:00, run_after=2026-06-12 12:00:00+00:00
[2026-06-12T14:00:20.827+0000] {processor.py:183} INFO - Processing /opt/airflow/dags/main.py took 0.434 seconds
[2026-06-12T14:00:51.326+0000] {processor.py:161} INFO - Started process (PID=415) to work on /opt/airflow/dags/main.py
[2026-06-12T14:00:51.328+0000] {processor.py:830} INFO - Processing file /opt/airflow/dags/main.py for tasks to queue
[2026-06-12T14:00:51.332+0000] {logging_mixin.py:188} INFO - [2026-06-12T14:00:51.331+0000] {dagbag.py:545} INFO - Filling up the DagBag from /opt/airflow/dags/main.py
[2026-06-12T14:00:51.415+0000] {processor.py:840} INFO - DAG(s) 'produce_json' retrieved from /opt/airflow/dags/main.py
[2026-06-12T14:00:51.467+0000] {logging_mixin.py:188} INFO - [2026-06-12T14:00:51.467+0000] {dag.py:3096} INFO - Sync 1 DAGs
[2026-06-12T14:00:51.497+0000] {logging_mixin.py:188} INFO - [2026-06-12T14:00:51.497+0000] {dag.py:3954} INFO - Setting next_dagrun for produce_json to 2026-06-11 12:00:00+00:00, run_after=2026-06-12 12:00:00+00:00
[2026-06-12T14:00:51.531+0000] {processor.py:183} INFO - Processing /opt/airflow/dags/main.py took 0.219 seconds
[2026-06-12T14:01:21.965+0000] {processor.py:161} INFO - Started process (PID=422) to work on /opt/airflow/dags/main.py
[2026-06-12T14:01:21.967+0000] {processor.py:830} INFO - Processing file /opt/airflow/dags/main.py for tasks to queue
[2026-06-12T14:01:21.970+0000] {logging_mixin.py:188} INFO - [2026-06-12T14:01:21.970+0000] {dagbag.py:545} INFO - Filling up the DagBag from /opt/airflow/dags/main.py
[2026-06-12T14:01:22.048+0000] {processor.py:840} INFO - DAG(s) 'produce_json' retrieved from /opt/airflow/dags/main.py
[2026-06-12T14:01:22.097+0000] {logging_mixin.py:188} INFO - [2026-06-12T14:01:22.096+0000] {dag.py:3096} INFO - Sync 1 DAGs
[2026-06-12T14:01:22.130+0000] {logging_mixin.py:188} INFO - [2026-06-12T14:01:22.130+0000] {dag.py:3954} INFO - Setting next_dagrun for produce_json to 2026-06-11 12:00:00+00:00, run_after=2026-06-12 12:00:00+00:00
[2026-06-12T14:01:22.161+0000] {processor.py:183} INFO - Processing /opt/airflow/dags/main.py took 0.210 seconds
[2026-06-12T14:01:27.118+0000] {processor.py:161} INFO - Started process (PID=423) to work on /opt/airflow/dags/main.py
[2026-06-12T14:01:27.120+0000] {processor.py:830} INFO - Processing file /opt/airflow/dags/main.py for tasks to queue
[2026-06-12T14:01:27.123+0000] {logging_mixin.py:188} INFO - [2026-06-12T14:01:27.123+0000] {dagbag.py:545} INFO - Filling up the DagBag from /opt/airflow/dags/main.py
[2026-06-12T14:01:27.272+0000] {processor.py:840} INFO - DAG(s) 'produce_json' retrieved from /opt/airflow/dags/main.py
[2026-06-12T14:01:27.320+0000] {logging_mixin.py:188} INFO - [2026-06-12T14:01:27.320+0000] {dag.py:3096} INFO - Sync 1 DAGs
[2026-06-12T14:01:27.354+0000] {logging_mixin.py:188} INFO - [2026-06-12T14:01:27.354+0000] {dag.py:3954} INFO - Setting next_dagrun for produce_json to 2026-06-11 12:00:00+00:00, run_after=2026-06-12 12:00:00+00:00
[2026-06-12T14:01:27.394+0000] {processor.py:183} INFO - Processing /opt/airflow/dags/main.py took 0.291 seconds
[2026-06-12T14:01:36.344+0000] {processor.py:161} INFO - Started process (PID=424) to work on /opt/airflow/dags/main.py
[2026-06-12T14:01:36.346+0000] {processor.py:830} INFO - Processing file /opt/airflow/dags/main.py for tasks to queue
[2026-06-12T14:01:36.353+0000] {logging_mixin.py:188} INFO - [2026-06-12T14:01:36.352+0000] {dagbag.py:545} INFO - Filling up the DagBag from /opt/airflow/dags/main.py
[2026-06-12T14:01:36.475+0000] {processor.py:840} INFO - DAG(s) 'produce_json' retrieved from /opt/airflow/dags/main.py
[2026-06-12T14:01:36.517+0000] {logging_mixin.py:188} INFO - [2026-06-12T14:01:36.517+0000] {dag.py:3096} INFO - Sync 1 DAGs
[2026-06-12T14:01:36.555+0000] {logging_mixin.py:188} INFO - [2026-06-12T14:01:36.554+0000] {dag.py:3954} INFO - Setting next_dagrun for produce_json to 2026-06-11 12:00:00+00:00, run_after=2026-06-12 12:00:00+00:00
[2026-06-12T14:01:36.592+0000] {processor.py:183} INFO - Processing /opt/airflow/dags/main.py took 0.262 seconds
[2026-06-12T14:01:37.536+0000] {processor.py:161} INFO - Started process (PID=425) to work on /opt/airflow/dags/main.py
[2026-06-12T14:01:37.538+0000] {processor.py:830} INFO - Processing file /opt/airflow/dags/main.py for tasks to queue
[2026-06-12T14:01:37.543+0000] {logging_mixin.py:188} INFO - [2026-06-12T14:01:37.542+0000] {dagbag.py:545} INFO - Filling up the DagBag from /opt/airflow/dags/main.py
[2026-06-12T14:01:37.652+0000] {processor.py:840} INFO - DAG(s) 'produce_json' retrieved from /opt/airflow/dags/main.py
[2026-06-12T14:01:37.704+0000] {logging_mixin.py:188} INFO - [2026-06-12T14:01:37.703+0000] {dag.py:3096} INFO - Sync 1 DAGs
[2026-06-12T14:01:37.746+0000] {logging_mixin.py:188} INFO - [2026-06-12T14:01:37.746+0000] {dag.py:3954} INFO - Setting next_dagrun for produce_json to 2026-06-11 12:00:00+00:00, run_after=2026-06-12 12:00:00+00:00
[2026-06-12T14:01:37.804+0000] {processor.py:183} INFO - Processing /opt/airflow/dags/main.py took 0.281 seconds
[2026-06-12T14:02:07.987+0000] {processor.py:161} INFO - Started process (PID=432) to work on /opt/airflow/dags/main.py
[2026-06-12T14:02:07.990+0000] {processor.py:830} INFO - Processing file /opt/airflow/dags/main.py for tasks to queue
[2026-06-12T14:02:07.994+0000] {logging_mixin.py:188} INFO - [2026-06-12T14:02:07.993+0000] {dagbag.py:545} INFO - Filling up the DagBag from /opt/airflow/dags/main.py
[2026-06-12T14:02:08.144+0000] {processor.py:840} INFO - DAG(s) 'produce_json' retrieved from /opt/airflow/dags/main.py
[2026-06-12T14:02:08.200+0000] {logging_mixin.py:188} INFO - [2026-06-12T14:02:08.199+0000] {dag.py:3096} INFO - Sync 1 DAGs
[2026-06-12T14:02:08.242+0000] {logging_mixin.py:188} INFO - [2026-06-12T14:02:08.242+0000] {dag.py:3954} INFO - Setting next_dagrun for produce_json to 2026-06-11 12:00:00+00:00, run_after=2026-06-12 12:00:00+00:00
[2026-06-12T14:02:08.284+0000] {processor.py:183} INFO - Processing /opt/airflow/dags/main.py took 0.313 seconds
[2026-06-12T14:02:38.379+0000] {processor.py:161} INFO - Started process (PID=439) to work on /opt/airflow/dags/main.py
[2026-06-12T14:02:38.381+0000] {processor.py:830} INFO - Processing file /opt/airflow/dags/main.py for tasks to queue
[2026-06-12T14:02:38.384+0000] {logging_mixin.py:188} INFO - [2026-06-12T14:02:38.384+0000] {dagbag.py:545} INFO - Filling up the DagBag from /opt/airflow/dags/main.py
[2026-06-12T14:02:38.476+0000] {processor.py:840} INFO - DAG(s) 'produce_json' retrieved from /opt/airflow/dags/main.py
[2026-06-12T14:02:38.535+0000] {logging_mixin.py:188} INFO - [2026-06-12T14:02:38.535+0000] {dag.py:3096} INFO - Sync 1 DAGs
[2026-06-12T14:02:38.577+0000] {logging_mixin.py:188} INFO - [2026-06-12T14:02:38.577+0000] {dag.py:3954} INFO - Setting next_dagrun for produce_json to 2026-06-11 12:00:00+00:00, run_after=2026-06-12 12:00:00+00:00
[2026-06-12T14:02:38.610+0000] {processor.py:183} INFO - Processing /opt/airflow/dags/main.py took 0.246 seconds
[2026-06-12T14:02:49.812+0000] {processor.py:161} INFO - Started process (PID=446) to work on /opt/airflow/dags/main.py
[2026-06-12T14:02:49.815+0000] {processor.py:830} INFO - Processing file /opt/airflow/dags/main.py for tasks to queue
[2026-06-12T14:02:49.820+0000] {logging_mixin.py:188} INFO - [2026-06-12T14:02:49.818+0000] {dagbag.py:545} INFO - Filling up the DagBag from /opt/airflow/dags/main.py
[2026-06-12T14:02:50.127+0000] {processor.py:840} INFO - DAG(s) 'produce_json' retrieved from /opt/airflow/dags/main.py
[2026-06-12T14:02:50.182+0000] {logging_mixin.py:188} INFO - [2026-06-12T14:02:50.182+0000] {dag.py:3096} INFO - Sync 1 DAGs
[2026-06-12T14:02:50.216+0000] {logging_mixin.py:188} INFO - [2026-06-12T14:02:50.215+0000] {dag.py:3954} INFO - Setting next_dagrun for produce_json to 2026-06-11 12:00:00+00:00, run_after=2026-06-12 12:00:00+00:00
[2026-06-12T14:02:50.255+0000] {processor.py:183} INFO - Processing /opt/airflow/dags/main.py took 0.463 seconds
[2026-06-12T14:03:12.548+0000] {processor.py:161} INFO - Started process (PID=447) to work on /opt/airflow/dags/main.py
[2026-06-12T14:03:12.551+0000] {processor.py:830} INFO - Processing file /opt/airflow/dags/main.py for tasks to queue
[2026-06-12T14:03:12.563+0000] {logging_mixin.py:188} INFO - [2026-06-12T14:03:12.562+0000] {dagbag.py:545} INFO - Filling up the DagBag from /opt/airflow/dags/main.py
[2026-06-12T14:03:12.669+0000] {processor.py:840} INFO - DAG(s) 'produce_json' retrieved from /opt/airflow/dags/main.py
[2026-06-12T14:03:12.722+0000] {logging_mixin.py:188} INFO - [2026-06-12T14:03:12.722+0000] {dag.py:3096} INFO - Sync 1 DAGs
[2026-06-12T14:03:12.769+0000] {logging_mixin.py:188} INFO - [2026-06-12T14:03:12.768+0000] {dag.py:3954} INFO - Setting next_dagrun for produce_json to 2026-06-11 12:00:00+00:00, run_after=2026-06-12 12:00:00+00:00
[2026-06-12T14:03:12.873+0000] {processor.py:183} INFO - Processing /opt/airflow/dags/main.py took 0.364 seconds
[2026-06-12T14:03:28.684+0000] {processor.py:161} INFO - Started process (PID=454) to work on /opt/airflow/dags/main.py
[2026-06-12T14:03:28.686+0000] {processor.py:830} INFO - Processing file /opt/airflow/dags/main.py for tasks to queue
[2026-06-12T14:03:28.690+0000] {logging_mixin.py:188} INFO - [2026-06-12T14:03:28.689+0000] {dagbag.py:545} INFO - Filling up the DagBag from /opt/airflow/dags/main.py
[2026-06-12T14:03:28.784+0000] {processor.py:840} INFO - DAG(s) 'produce_json_2' retrieved from /opt/airflow/dags/main.py
[2026-06-12T14:03:29.012+0000] {logging_mixin.py:188} INFO - [2026-06-12T14:03:29.011+0000] {override.py:1829} INFO - Created Permission View: can read on DAG:produce_json_2
[2026-06-12T14:03:29.032+0000] {logging_mixin.py:188} INFO - [2026-06-12T14:03:29.031+0000] {override.py:1829} INFO - Created Permission View: can delete on DAG:produce_json_2
[2026-06-12T14:03:29.048+0000] {logging_mixin.py:188} INFO - [2026-06-12T14:03:29.047+0000] {override.py:1829} INFO - Created Permission View: can edit on DAG:produce_json_2
[2026-06-12T14:03:29.049+0000] {logging_mixin.py:188} INFO - [2026-06-12T14:03:29.049+0000] {dag.py:3096} INFO - Sync 1 DAGs
[2026-06-12T14:03:29.065+0000] {logging_mixin.py:188} INFO - [2026-06-12T14:03:29.065+0000] {dag.py:3118} INFO - Creating ORM DAG for produce_json_2
[2026-06-12T14:03:29.085+0000] {logging_mixin.py:188} INFO - [2026-06-12T14:03:29.085+0000] {dag.py:3954} INFO - Setting next_dagrun for produce_json_2 to 2026-06-11 12:00:00+00:00, run_after=2026-06-12 12:00:00+00:00
[2026-06-12T14:03:29.119+0000] {processor.py:183} INFO - Processing /opt/airflow/dags/main.py took 0.447 seconds
[2026-06-12T14:03:48.315+0000] {processor.py:161} INFO - Started process (PID=461) to work on /opt/airflow/dags/main.py
[2026-06-12T14:03:48.317+0000] {processor.py:830} INFO - Processing file /opt/airflow/dags/main.py for tasks to queue
[2026-06-12T14:03:48.320+0000] {logging_mixin.py:188} INFO - [2026-06-12T14:03:48.320+0000] {dagbag.py:545} INFO - Filling up the DagBag from /opt/airflow/dags/main.py
[2026-06-12T14:03:48.422+0000] {processor.py:840} INFO - DAG(s) 'produce_json_2' retrieved from /opt/airflow/dags/main.py
[2026-06-12T14:03:48.460+0000] {logging_mixin.py:188} INFO - [2026-06-12T14:03:48.459+0000] {dag.py:3096} INFO - Sync 1 DAGs
[2026-06-12T14:03:48.507+0000] {logging_mixin.py:188} INFO - [2026-06-12T14:03:48.507+0000] {dag.py:3954} INFO - Setting next_dagrun for produce_json_2 to 2026-06-11 12:00:00+00:00, run_after=2026-06-12 12:00:00+00:00
[2026-06-12T14:03:48.550+0000] {processor.py:183} INFO - Processing /opt/airflow/dags/main.py took 0.246 seconds
[2026-06-12T14:04:18.638+0000] {processor.py:161} INFO - Started process (PID=468) to work on /opt/airflow/dags/main.py
[2026-06-12T14:04:18.640+0000] {processor.py:830} INFO - Processing file /opt/airflow/dags/main.py for tasks to queue
[2026-06-12T14:04:18.644+0000] {logging_mixin.py:188} INFO - [2026-06-12T14:04:18.643+0000] {dagbag.py:545} INFO - Filling up the DagBag from /opt/airflow/dags/main.py
[2026-06-12T14:04:18.740+0000] {processor.py:840} INFO - DAG(s) 'produce_json_2' retrieved from /opt/airflow/dags/main.py
[2026-06-12T14:04:18.799+0000] {logging_mixin.py:188} INFO - [2026-06-12T14:04:18.798+0000] {dag.py:3096} INFO - Sync 1 DAGs
[2026-06-12T14:04:18.838+0000] {logging_mixin.py:188} INFO - [2026-06-12T14:04:18.838+0000] {dag.py:3954} INFO - Setting next_dagrun for produce_json_2 to 2026-06-11 12:00:00+00:00, run_after=2026-06-12 12:00:00+00:00
[2026-06-12T14:04:18.873+0000] {processor.py:183} INFO - Processing /opt/airflow/dags/main.py took 0.250 seconds
[2026-06-12T14:04:26.962+0000] {processor.py:161} INFO - Started process (PID=469) to work on /opt/airflow/dags/main.py
[2026-06-12T14:04:26.966+0000] {processor.py:830} INFO - Processing file /opt/airflow/dags/main.py for tasks to queue
[2026-06-12T14:04:26.970+0000] {logging_mixin.py:188} INFO - [2026-06-12T14:04:26.970+0000] {dagbag.py:545} INFO - Filling up the DagBag from /opt/airflow/dags/main.py
[2026-06-12T14:04:27.129+0000] {logging_mixin.py:188} INFO - [2026-06-12T14:04:27.117+0000] {dagbag.py:355} ERROR - Failed to import: /opt/airflow/dags/main.py
Traceback (most recent call last):
  File "/home/airflow/.local/lib/python3.10/site-packages/airflow/models/dagbag.py", line 351, in parse
    loader.exec_module(new_module)
  File "<frozen importlib._bootstrap_external>", line 883, in exec_module
  File "<frozen importlib._bootstrap>", line 241, in _call_with_frames_removed
  File "/opt/airflow/dags/main.py", line 35, in <module>
    extract_data = extract_video_data(video_ids)
  File "/opt/airflow/dags/api/video_stats.py", line 71, in extract_video_data
    for batch in batch_list(video_ids, maxResults):
  File "/opt/airflow/dags/api/video_stats.py", line 67, in batch_list
    for video_id in range(0, len(video_id_lst), batch_size):
TypeError: object of type 'PlainXComArg' has no len()
[2026-06-12T14:04:27.137+0000] {processor.py:842} WARNING - No viable dags retrieved from /opt/airflow/dags/main.py
[2026-06-12T14:04:27.178+0000] {processor.py:183} INFO - Processing /opt/airflow/dags/main.py took 0.234 seconds
[2026-06-12T14:04:57.302+0000] {processor.py:161} INFO - Started process (PID=476) to work on /opt/airflow/dags/main.py
[2026-06-12T14:04:57.304+0000] {processor.py:830} INFO - Processing file /opt/airflow/dags/main.py for tasks to queue
[2026-06-12T14:04:57.308+0000] {logging_mixin.py:188} INFO - [2026-06-12T14:04:57.308+0000] {dagbag.py:545} INFO - Filling up the DagBag from /opt/airflow/dags/main.py
[2026-06-12T14:04:57.407+0000] {logging_mixin.py:188} INFO - [2026-06-12T14:04:57.398+0000] {dagbag.py:355} ERROR - Failed to import: /opt/airflow/dags/main.py
Traceback (most recent call last):
  File "/home/airflow/.local/lib/python3.10/site-packages/airflow/models/dagbag.py", line 351, in parse
    loader.exec_module(new_module)
  File "<frozen importlib._bootstrap_external>", line 883, in exec_module
  File "<frozen importlib._bootstrap>", line 241, in _call_with_frames_removed
  File "/opt/airflow/dags/main.py", line 35, in <module>
    extract_data = extract_video_data(video_ids)
  File "/opt/airflow/dags/api/video_stats.py", line 71, in extract_video_data
    for batch in batch_list(video_ids, maxResults):
  File "/opt/airflow/dags/api/video_stats.py", line 67, in batch_list
    for video_id in range(0, len(video_id_lst), batch_size):
TypeError: object of type 'PlainXComArg' has no len()
[2026-06-12T14:04:57.409+0000] {processor.py:842} WARNING - No viable dags retrieved from /opt/airflow/dags/main.py
[2026-06-12T14:04:57.446+0000] {processor.py:183} INFO - Processing /opt/airflow/dags/main.py took 0.156 seconds
[2026-06-12T14:05:08.700+0000] {processor.py:161} INFO - Started process (PID=477) to work on /opt/airflow/dags/main.py
[2026-06-12T14:05:08.703+0000] {processor.py:830} INFO - Processing file /opt/airflow/dags/main.py for tasks to queue
[2026-06-12T14:05:08.722+0000] {logging_mixin.py:188} INFO - [2026-06-12T14:05:08.722+0000] {dagbag.py:545} INFO - Filling up the DagBag from /opt/airflow/dags/main.py
[2026-06-12T14:05:08.919+0000] {logging_mixin.py:188} INFO - [2026-06-12T14:05:08.906+0000] {dagbag.py:355} ERROR - Failed to import: /opt/airflow/dags/main.py
Traceback (most recent call last):
  File "/home/airflow/.local/lib/python3.10/site-packages/airflow/models/dagbag.py", line 351, in parse
    loader.exec_module(new_module)
  File "<frozen importlib._bootstrap_external>", line 883, in exec_module
  File "<frozen importlib._bootstrap>", line 241, in _call_with_frames_removed
  File "/opt/airflow/dags/main.py", line 35, in <module>
    extract_data = extract_video_data(video_ids)
  File "/opt/airflow/dags/api/video_stats.py", line 71, in extract_video_data
    for batch in batch_list(video_ids, maxResults):
  File "/opt/airflow/dags/api/video_stats.py", line 67, in batch_list
    for video_id in range(0, len(video_id_lst), batch_size):
TypeError: object of type 'PlainXComArg' has no len()
[2026-06-12T14:05:08.922+0000] {processor.py:842} WARNING - No viable dags retrieved from /opt/airflow/dags/main.py
[2026-06-12T14:05:08.976+0000] {processor.py:183} INFO - Processing /opt/airflow/dags/main.py took 0.298 seconds
[2026-06-12T14:05:32.407+0000] {processor.py:161} INFO - Started process (PID=484) to work on /opt/airflow/dags/main.py
[2026-06-12T14:05:32.415+0000] {processor.py:830} INFO - Processing file /opt/airflow/dags/main.py for tasks to queue
[2026-06-12T14:05:32.421+0000] {logging_mixin.py:188} INFO - [2026-06-12T14:05:32.421+0000] {dagbag.py:545} INFO - Filling up the DagBag from /opt/airflow/dags/main.py
[2026-06-12T14:05:32.750+0000] {logging_mixin.py:188} INFO - [2026-06-12T14:05:32.738+0000] {dagbag.py:355} ERROR - Failed to import: /opt/airflow/dags/main.py
Traceback (most recent call last):
  File "/home/airflow/.local/lib/python3.10/site-packages/airflow/models/dagbag.py", line 351, in parse
    loader.exec_module(new_module)
  File "<frozen importlib._bootstrap_external>", line 883, in exec_module
  File "<frozen importlib._bootstrap>", line 241, in _call_with_frames_removed
  File "/opt/airflow/dags/main.py", line 35, in <module>
    extract_data = extract_video_data(video_ids)
  File "/opt/airflow/dags/api/video_stats.py", line 71, in extract_video_data
    for batch in batch_list(video_ids, maxResults):
  File "/opt/airflow/dags/api/video_stats.py", line 67, in batch_list
    for video_id in range(0, len(video_id_lst), batch_size):
TypeError: object of type 'PlainXComArg' has no len()
[2026-06-12T14:05:32.754+0000] {processor.py:842} WARNING - No viable dags retrieved from /opt/airflow/dags/main.py
[2026-06-12T14:05:32.796+0000] {processor.py:183} INFO - Processing /opt/airflow/dags/main.py took 0.423 seconds
[2026-06-12T14:06:03.164+0000] {processor.py:161} INFO - Started process (PID=491) to work on /opt/airflow/dags/main.py
[2026-06-12T14:06:03.166+0000] {processor.py:830} INFO - Processing file /opt/airflow/dags/main.py for tasks to queue
[2026-06-12T14:06:03.167+0000] {logging_mixin.py:188} INFO - [2026-06-12T14:06:03.167+0000] {dagbag.py:545} INFO - Filling up the DagBag from /opt/airflow/dags/main.py
[2026-06-12T14:06:03.267+0000] {processor.py:840} INFO - DAG(s) 'produce_json' retrieved from /opt/airflow/dags/main.py
[2026-06-12T14:06:03.470+0000] {logging_mixin.py:188} INFO - [2026-06-12T14:06:03.470+0000] {dag.py:3096} INFO - Sync 1 DAGs
[2026-06-12T14:06:03.485+0000] {logging_mixin.py:188} INFO - [2026-06-12T14:06:03.484+0000] {dag.py:3118} INFO - Creating ORM DAG for produce_json
[2026-06-12T14:06:03.508+0000] {logging_mixin.py:188} INFO - [2026-06-12T14:06:03.507+0000] {dag.py:3954} INFO - Setting next_dagrun for produce_json to 2026-06-11 12:00:00+00:00, run_after=2026-06-12 12:00:00+00:00
[2026-06-12T14:06:03.547+0000] {processor.py:183} INFO - Processing /opt/airflow/dags/main.py took 0.396 seconds
[2026-06-12T14:06:23.410+0000] {processor.py:161} INFO - Started process (PID=498) to work on /opt/airflow/dags/main.py
[2026-06-12T14:06:23.413+0000] {processor.py:830} INFO - Processing file /opt/airflow/dags/main.py for tasks to queue
[2026-06-12T14:06:23.415+0000] {logging_mixin.py:188} INFO - [2026-06-12T14:06:23.415+0000] {dagbag.py:545} INFO - Filling up the DagBag from /opt/airflow/dags/main.py
[2026-06-12T14:06:23.505+0000] {processor.py:840} INFO - DAG(s) 'produce_json_3' retrieved from /opt/airflow/dags/main.py
[2026-06-12T14:06:23.846+0000] {logging_mixin.py:188} INFO - [2026-06-12T14:06:23.845+0000] {override.py:1829} INFO - Created Permission View: can read on DAG:produce_json_3
[2026-06-12T14:06:23.868+0000] {logging_mixin.py:188} INFO - [2026-06-12T14:06:23.868+0000] {override.py:1829} INFO - Created Permission View: can delete on DAG:produce_json_3
[2026-06-12T14:06:23.889+0000] {logging_mixin.py:188} INFO - [2026-06-12T14:06:23.888+0000] {override.py:1829} INFO - Created Permission View: can edit on DAG:produce_json_3
[2026-06-12T14:06:23.892+0000] {logging_mixin.py:188} INFO - [2026-06-12T14:06:23.891+0000] {dag.py:3096} INFO - Sync 1 DAGs
[2026-06-12T14:06:23.925+0000] {logging_mixin.py:188} INFO - [2026-06-12T14:06:23.925+0000] {dag.py:3118} INFO - Creating ORM DAG for produce_json_3
[2026-06-12T14:06:23.952+0000] {logging_mixin.py:188} INFO - [2026-06-12T14:06:23.951+0000] {dag.py:3954} INFO - Setting next_dagrun for produce_json_3 to 2026-06-11 12:00:00+00:00, run_after=2026-06-12 12:00:00+00:00
[2026-06-12T14:06:24.001+0000] {processor.py:183} INFO - Processing /opt/airflow/dags/main.py took 0.603 seconds
[2026-06-12T14:06:54.128+0000] {processor.py:161} INFO - Started process (PID=504) to work on /opt/airflow/dags/main.py
[2026-06-12T14:06:54.130+0000] {processor.py:830} INFO - Processing file /opt/airflow/dags/main.py for tasks to queue
[2026-06-12T14:06:54.132+0000] {logging_mixin.py:188} INFO - [2026-06-12T14:06:54.132+0000] {dagbag.py:545} INFO - Filling up the DagBag from /opt/airflow/dags/main.py
[2026-06-12T14:06:54.264+0000] {processor.py:840} INFO - DAG(s) 'produce_json_3' retrieved from /opt/airflow/dags/main.py
[2026-06-12T14:06:54.360+0000] {logging_mixin.py:188} INFO - [2026-06-12T14:06:54.359+0000] {dag.py:3096} INFO - Sync 1 DAGs
[2026-06-12T14:06:54.421+0000] {logging_mixin.py:188} INFO - [2026-06-12T14:06:54.420+0000] {dag.py:3954} INFO - Setting next_dagrun for produce_json_3 to 2026-06-11 12:00:00+00:00, run_after=2026-06-12 12:00:00+00:00
[2026-06-12T14:06:54.485+0000] {processor.py:183} INFO - Processing /opt/airflow/dags/main.py took 0.381 seconds
[2026-06-12T14:07:24.923+0000] {processor.py:161} INFO - Started process (PID=511) to work on /opt/airflow/dags/main.py
[2026-06-12T14:07:24.925+0000] {processor.py:830} INFO - Processing file /opt/airflow/dags/main.py for tasks to queue
[2026-06-12T14:07:24.927+0000] {logging_mixin.py:188} INFO - [2026-06-12T14:07:24.927+0000] {dagbag.py:545} INFO - Filling up the DagBag from /opt/airflow/dags/main.py
[2026-06-12T14:07:25.027+0000] {processor.py:840} INFO - DAG(s) 'produce_json_3' retrieved from /opt/airflow/dags/main.py
[2026-06-12T14:07:25.085+0000] {logging_mixin.py:188} INFO - [2026-06-12T14:07:25.084+0000] {dag.py:3096} INFO - Sync 1 DAGs
[2026-06-12T14:07:25.126+0000] {logging_mixin.py:188} INFO - [2026-06-12T14:07:25.125+0000] {dag.py:3954} INFO - Setting next_dagrun for produce_json_3 to 2026-06-11 12:00:00+00:00, run_after=2026-06-12 12:00:00+00:00
[2026-06-12T14:07:25.163+0000] {processor.py:183} INFO - Processing /opt/airflow/dags/main.py took 0.253 seconds
[2026-06-12T14:07:55.266+0000] {processor.py:161} INFO - Started process (PID=518) to work on /opt/airflow/dags/main.py
[2026-06-12T14:07:55.270+0000] {processor.py:830} INFO - Processing file /opt/airflow/dags/main.py for tasks to queue
[2026-06-12T14:07:55.280+0000] {logging_mixin.py:188} INFO - [2026-06-12T14:07:55.279+0000] {dagbag.py:545} INFO - Filling up the DagBag from /opt/airflow/dags/main.py
[2026-06-12T14:07:55.396+0000] {processor.py:840} INFO - DAG(s) 'produce_json_3' retrieved from /opt/airflow/dags/main.py
[2026-06-12T14:07:55.465+0000] {logging_mixin.py:188} INFO - [2026-06-12T14:07:55.465+0000] {dag.py:3096} INFO - Sync 1 DAGs
[2026-06-12T14:07:55.511+0000] {logging_mixin.py:188} INFO - [2026-06-12T14:07:55.511+0000] {dag.py:3954} INFO - Setting next_dagrun for produce_json_3 to 2026-06-12 12:00:00+00:00, run_after=2026-06-13 12:00:00+00:00
[2026-06-12T14:07:55.560+0000] {processor.py:183} INFO - Processing /opt/airflow/dags/main.py took 0.313 seconds
[2026-06-12T14:08:35.013+0000] {processor.py:161} INFO - Started process (PID=49) to work on /opt/airflow/dags/main.py
[2026-06-12T14:08:35.023+0000] {processor.py:830} INFO - Processing file /opt/airflow/dags/main.py for tasks to queue
[2026-06-12T14:08:35.028+0000] {logging_mixin.py:188} INFO - [2026-06-12T14:08:35.025+0000] {dagbag.py:545} INFO - Filling up the DagBag from /opt/airflow/dags/main.py
[2026-06-12T14:08:35.121+0000] {processor.py:840} INFO - DAG(s) 'produce_json_3' retrieved from /opt/airflow/dags/main.py
[2026-06-12T14:08:35.186+0000] {logging_mixin.py:188} INFO - [2026-06-12T14:08:35.186+0000] {dag.py:3096} INFO - Sync 1 DAGs
[2026-06-12T14:08:35.220+0000] {logging_mixin.py:188} INFO - [2026-06-12T14:08:35.219+0000] {dag.py:3954} INFO - Setting next_dagrun for produce_json_3 to 2026-06-12 12:00:00+00:00, run_after=2026-06-13 12:00:00+00:00
[2026-06-12T14:08:35.250+0000] {processor.py:183} INFO - Processing /opt/airflow/dags/main.py took 0.264 seconds
[2026-06-12T14:09:13.588+0000] {processor.py:161} INFO - Started process (PID=52) to work on /opt/airflow/dags/main.py
[2026-06-12T14:09:13.590+0000] {processor.py:830} INFO - Processing file /opt/airflow/dags/main.py for tasks to queue
[2026-06-12T14:09:13.597+0000] {logging_mixin.py:188} INFO - [2026-06-12T14:09:13.596+0000] {dagbag.py:545} INFO - Filling up the DagBag from /opt/airflow/dags/main.py
[2026-06-12T14:09:13.685+0000] {processor.py:840} INFO - DAG(s) 'produce_json_3' retrieved from /opt/airflow/dags/main.py
[2026-06-12T14:09:13.771+0000] {logging_mixin.py:188} INFO - [2026-06-12T14:09:13.770+0000] {dag.py:3096} INFO - Sync 1 DAGs
[2026-06-12T14:09:13.837+0000] {logging_mixin.py:188} INFO - [2026-06-12T14:09:13.837+0000] {dag.py:3954} INFO - Setting next_dagrun for produce_json_3 to 2026-06-12 12:00:00+00:00, run_after=2026-06-13 12:00:00+00:00
[2026-06-12T14:09:13.912+0000] {processor.py:183} INFO - Processing /opt/airflow/dags/main.py took 0.345 seconds
[2026-06-12T14:09:58.295+0000] {processor.py:161} INFO - Started process (PID=57) to work on /opt/airflow/dags/main.py
[2026-06-12T14:09:58.303+0000] {processor.py:830} INFO - Processing file /opt/airflow/dags/main.py for tasks to queue
[2026-06-12T14:09:58.308+0000] {logging_mixin.py:188} INFO - [2026-06-12T14:09:58.308+0000] {dagbag.py:545} INFO - Filling up the DagBag from /opt/airflow/dags/main.py
[2026-06-12T14:09:58.469+0000] {processor.py:840} INFO - DAG(s) 'produce_json_3' retrieved from /opt/airflow/dags/main.py
[2026-06-12T14:09:58.690+0000] {logging_mixin.py:188} INFO - [2026-06-12T14:09:58.689+0000] {dag.py:3096} INFO - Sync 1 DAGs
[2026-06-12T14:09:58.864+0000] {logging_mixin.py:188} INFO - [2026-06-12T14:09:58.864+0000] {dag.py:3954} INFO - Setting next_dagrun for produce_json_3 to 2026-06-12 12:00:00+00:00, run_after=2026-06-13 12:00:00+00:00
[2026-06-12T14:09:58.914+0000] {processor.py:183} INFO - Processing /opt/airflow/dags/main.py took 0.634 seconds
[2026-06-12T14:10:37.855+0000] {processor.py:161} INFO - Started process (PID=43) to work on /opt/airflow/dags/main.py
[2026-06-12T14:10:37.858+0000] {processor.py:830} INFO - Processing file /opt/airflow/dags/main.py for tasks to queue
[2026-06-12T14:10:37.862+0000] {logging_mixin.py:188} INFO - [2026-06-12T14:10:37.862+0000] {dagbag.py:545} INFO - Filling up the DagBag from /opt/airflow/dags/main.py
[2026-06-12T14:10:37.955+0000] {processor.py:840} INFO - DAG(s) 'produce_json' retrieved from /opt/airflow/dags/main.py
[2026-06-12T14:10:38.142+0000] {logging_mixin.py:188} INFO - [2026-06-12T14:10:38.142+0000] {dag.py:3096} INFO - Sync 1 DAGs
[2026-06-12T14:10:38.156+0000] {logging_mixin.py:188} INFO - [2026-06-12T14:10:38.155+0000] {dag.py:3118} INFO - Creating ORM DAG for produce_json
[2026-06-12T14:10:38.171+0000] {logging_mixin.py:188} INFO - [2026-06-12T14:10:38.171+0000] {dag.py:3954} INFO - Setting next_dagrun for produce_json to 2026-06-11 12:00:00+00:00, run_after=2026-06-12 12:00:00+00:00
[2026-06-12T14:10:38.206+0000] {processor.py:183} INFO - Processing /opt/airflow/dags/main.py took 0.368 seconds
[2026-06-12T14:10:59.513+0000] {processor.py:161} INFO - Started process (PID=45) to work on /opt/airflow/dags/main.py
[2026-06-12T14:10:59.515+0000] {processor.py:830} INFO - Processing file /opt/airflow/dags/main.py for tasks to queue
[2026-06-12T14:10:59.518+0000] {logging_mixin.py:188} INFO - [2026-06-12T14:10:59.518+0000] {dagbag.py:545} INFO - Filling up the DagBag from /opt/airflow/dags/main.py
[2026-06-12T14:10:59.599+0000] {processor.py:840} INFO - DAG(s) 'produce_json' retrieved from /opt/airflow/dags/main.py
[2026-06-12T14:10:59.637+0000] {logging_mixin.py:188} INFO - [2026-06-12T14:10:59.637+0000] {dag.py:3096} INFO - Sync 1 DAGs
[2026-06-12T14:10:59.671+0000] {logging_mixin.py:188} INFO - [2026-06-12T14:10:59.671+0000] {dag.py:3954} INFO - Setting next_dagrun for produce_json to 2026-06-11 12:00:00+00:00, run_after=2026-06-12 12:00:00+00:00
[2026-06-12T14:10:59.704+0000] {processor.py:183} INFO - Processing /opt/airflow/dags/main.py took 0.202 seconds
[2026-06-12T14:11:28.094+0000] {processor.py:161} INFO - Started process (PID=52) to work on /opt/airflow/dags/main.py
[2026-06-12T14:11:28.097+0000] {processor.py:830} INFO - Processing file /opt/airflow/dags/main.py for tasks to queue
[2026-06-12T14:11:28.102+0000] {logging_mixin.py:188} INFO - [2026-06-12T14:11:28.101+0000] {dagbag.py:545} INFO - Filling up the DagBag from /opt/airflow/dags/main.py
[2026-06-12T14:11:28.500+0000] {processor.py:840} INFO - DAG(s) 'produce_json' retrieved from /opt/airflow/dags/main.py
[2026-06-12T14:11:28.691+0000] {logging_mixin.py:188} INFO - [2026-06-12T14:11:28.691+0000] {dag.py:3096} INFO - Sync 1 DAGs
[2026-06-12T14:11:28.722+0000] {logging_mixin.py:188} INFO - [2026-06-12T14:11:28.722+0000] {dag.py:3954} INFO - Setting next_dagrun for produce_json to 2026-06-11 07:00:00+00:00, run_after=2026-06-12 07:00:00+00:00
[2026-06-12T14:11:28.779+0000] {processor.py:183} INFO - Processing /opt/airflow/dags/main.py took 0.700 seconds
[2026-06-12T14:11:41.025+0000] {processor.py:161} INFO - Started process (PID=59) to work on /opt/airflow/dags/main.py
[2026-06-12T14:11:41.027+0000] {processor.py:830} INFO - Processing file /opt/airflow/dags/main.py for tasks to queue
[2026-06-12T14:11:41.030+0000] {logging_mixin.py:188} INFO - [2026-06-12T14:11:41.030+0000] {dagbag.py:545} INFO - Filling up the DagBag from /opt/airflow/dags/main.py
[2026-06-12T14:11:41.130+0000] {processor.py:840} INFO - DAG(s) 'produce_json' retrieved from /opt/airflow/dags/main.py
[2026-06-12T14:11:41.148+0000] {logging_mixin.py:188} INFO - [2026-06-12T14:11:41.148+0000] {dag.py:3096} INFO - Sync 1 DAGs
[2026-06-12T14:11:41.183+0000] {logging_mixin.py:188} INFO - [2026-06-12T14:11:41.183+0000] {dag.py:3954} INFO - Setting next_dagrun for produce_json to 2026-06-11 07:00:00+00:00, run_after=2026-06-12 07:00:00+00:00
[2026-06-12T14:11:41.243+0000] {processor.py:183} INFO - Processing /opt/airflow/dags/main.py took 0.230 seconds
[2026-06-12T14:12:11.506+0000] {processor.py:161} INFO - Started process (PID=66) to work on /opt/airflow/dags/main.py
[2026-06-12T14:12:11.508+0000] {processor.py:830} INFO - Processing file /opt/airflow/dags/main.py for tasks to queue
[2026-06-12T14:12:11.511+0000] {logging_mixin.py:188} INFO - [2026-06-12T14:12:11.511+0000] {dagbag.py:545} INFO - Filling up the DagBag from /opt/airflow/dags/main.py
[2026-06-12T14:12:11.617+0000] {processor.py:840} INFO - DAG(s) 'produce_json' retrieved from /opt/airflow/dags/main.py
[2026-06-12T14:12:11.659+0000] {logging_mixin.py:188} INFO - [2026-06-12T14:12:11.659+0000] {dag.py:3096} INFO - Sync 1 DAGs
[2026-06-12T14:12:11.691+0000] {logging_mixin.py:188} INFO - [2026-06-12T14:12:11.691+0000] {dag.py:3954} INFO - Setting next_dagrun for produce_json to 2026-06-11 07:00:00+00:00, run_after=2026-06-12 07:00:00+00:00
[2026-06-12T14:12:11.724+0000] {processor.py:183} INFO - Processing /opt/airflow/dags/main.py took 0.227 seconds
[2026-06-12T14:12:35.729+0000] {processor.py:161} INFO - Started process (PID=73) to work on /opt/airflow/dags/main.py
[2026-06-12T14:12:35.738+0000] {processor.py:830} INFO - Processing file /opt/airflow/dags/main.py for tasks to queue
[2026-06-12T14:12:35.749+0000] {logging_mixin.py:188} INFO - [2026-06-12T14:12:35.748+0000] {dagbag.py:545} INFO - Filling up the DagBag from /opt/airflow/dags/main.py
[2026-06-12T14:12:35.852+0000] {processor.py:840} INFO - DAG(s) 'produce_json_2' retrieved from /opt/airflow/dags/main.py
[2026-06-12T14:12:36.001+0000] {logging_mixin.py:188} INFO - [2026-06-12T14:12:36.001+0000] {dag.py:3096} INFO - Sync 1 DAGs
[2026-06-12T14:12:36.030+0000] {logging_mixin.py:188} INFO - [2026-06-12T14:12:36.030+0000] {dag.py:3954} INFO - Setting next_dagrun for produce_json_2 to 2026-06-12 07:00:00+00:00, run_after=2026-06-13 07:00:00+00:00
[2026-06-12T14:12:36.065+0000] {processor.py:183} INFO - Processing /opt/airflow/dags/main.py took 0.354 seconds
[2026-06-12T14:13:06.176+0000] {processor.py:161} INFO - Started process (PID=80) to work on /opt/airflow/dags/main.py
[2026-06-12T14:13:06.178+0000] {processor.py:830} INFO - Processing file /opt/airflow/dags/main.py for tasks to queue
[2026-06-12T14:13:06.183+0000] {logging_mixin.py:188} INFO - [2026-06-12T14:13:06.182+0000] {dagbag.py:545} INFO - Filling up the DagBag from /opt/airflow/dags/main.py
[2026-06-12T14:13:06.275+0000] {processor.py:840} INFO - DAG(s) 'produce_json_2' retrieved from /opt/airflow/dags/main.py
[2026-06-12T14:13:06.328+0000] {logging_mixin.py:188} INFO - [2026-06-12T14:13:06.327+0000] {dag.py:3096} INFO - Sync 1 DAGs
[2026-06-12T14:13:06.377+0000] {logging_mixin.py:188} INFO - [2026-06-12T14:13:06.376+0000] {dag.py:3954} INFO - Setting next_dagrun for produce_json_2 to 2026-06-12 07:00:00+00:00, run_after=2026-06-13 07:00:00+00:00
[2026-06-12T14:13:06.412+0000] {processor.py:183} INFO - Processing /opt/airflow/dags/main.py took 0.250 seconds
[2026-06-12T14:13:48.884+0000] {processor.py:161} INFO - Started process (PID=47) to work on /opt/airflow/dags/main.py
[2026-06-12T14:13:48.892+0000] {processor.py:830} INFO - Processing file /opt/airflow/dags/main.py for tasks to queue
[2026-06-12T14:13:48.895+0000] {logging_mixin.py:188} INFO - [2026-06-12T14:13:48.895+0000] {dagbag.py:545} INFO - Filling up the DagBag from /opt/airflow/dags/main.py
[2026-06-12T14:13:49.039+0000] {processor.py:840} INFO - DAG(s) 'produce_json_2' retrieved from /opt/airflow/dags/main.py
[2026-06-12T14:13:49.174+0000] {logging_mixin.py:188} INFO - [2026-06-12T14:13:49.171+0000] {dag.py:3096} INFO - Sync 1 DAGs
[2026-06-12T14:13:49.218+0000] {logging_mixin.py:188} INFO - [2026-06-12T14:13:49.218+0000] {dag.py:3954} INFO - Setting next_dagrun for produce_json_2 to 2026-06-12 07:00:00+00:00, run_after=2026-06-13 07:00:00+00:00
[2026-06-12T14:13:49.259+0000] {processor.py:183} INFO - Processing /opt/airflow/dags/main.py took 0.393 seconds
[2026-06-12T14:14:24.742+0000] {processor.py:161} INFO - Started process (PID=44) to work on /opt/airflow/dags/main.py
[2026-06-12T14:14:24.744+0000] {processor.py:830} INFO - Processing file /opt/airflow/dags/main.py for tasks to queue
[2026-06-12T14:14:24.750+0000] {logging_mixin.py:188} INFO - [2026-06-12T14:14:24.750+0000] {dagbag.py:545} INFO - Filling up the DagBag from /opt/airflow/dags/main.py
[2026-06-12T14:14:24.821+0000] {processor.py:840} INFO - DAG(s) 'produce_json_2' retrieved from /opt/airflow/dags/main.py
[2026-06-12T14:14:24.883+0000] {logging_mixin.py:188} INFO - [2026-06-12T14:14:24.883+0000] {dag.py:3096} INFO - Sync 1 DAGs
[2026-06-12T14:14:24.916+0000] {logging_mixin.py:188} INFO - [2026-06-12T14:14:24.916+0000] {dag.py:3954} INFO - Setting next_dagrun for produce_json_2 to 2026-06-12 07:00:00+00:00, run_after=2026-06-13 07:00:00+00:00
[2026-06-12T14:14:24.946+0000] {processor.py:183} INFO - Processing /opt/airflow/dags/main.py took 0.214 seconds
[2026-06-12T14:15:00.632+0000] {processor.py:161} INFO - Started process (PID=44) to work on /opt/airflow/dags/main.py
[2026-06-12T14:15:00.634+0000] {processor.py:830} INFO - Processing file /opt/airflow/dags/main.py for tasks to queue
[2026-06-12T14:15:00.642+0000] {logging_mixin.py:188} INFO - [2026-06-12T14:15:00.641+0000] {dagbag.py:545} INFO - Filling up the DagBag from /opt/airflow/dags/main.py
[2026-06-12T14:15:00.714+0000] {processor.py:840} INFO - DAG(s) 'produce_json_2' retrieved from /opt/airflow/dags/main.py
[2026-06-12T14:15:00.785+0000] {logging_mixin.py:188} INFO - [2026-06-12T14:15:00.785+0000] {dag.py:3096} INFO - Sync 1 DAGs
[2026-06-12T14:15:00.814+0000] {logging_mixin.py:188} INFO - [2026-06-12T14:15:00.814+0000] {dag.py:3954} INFO - Setting next_dagrun for produce_json_2 to 2026-06-12 07:00:00+00:00, run_after=2026-06-13 07:00:00+00:00
[2026-06-12T14:15:00.841+0000] {processor.py:183} INFO - Processing /opt/airflow/dags/main.py took 0.223 seconds
[2026-06-12T14:15:38.246+0000] {processor.py:161} INFO - Started process (PID=50) to work on /opt/airflow/dags/main.py
[2026-06-12T14:15:38.248+0000] {processor.py:830} INFO - Processing file /opt/airflow/dags/main.py for tasks to queue
[2026-06-12T14:15:38.263+0000] {logging_mixin.py:188} INFO - [2026-06-12T14:15:38.262+0000] {dagbag.py:545} INFO - Filling up the DagBag from /opt/airflow/dags/main.py
[2026-06-12T14:15:38.726+0000] {processor.py:840} INFO - DAG(s) 'produce_json_3' retrieved from /opt/airflow/dags/main.py
[2026-06-12T14:15:38.986+0000] {logging_mixin.py:188} INFO - [2026-06-12T14:15:38.986+0000] {dag.py:3096} INFO - Sync 1 DAGs
[2026-06-12T14:15:39.005+0000] {logging_mixin.py:188} INFO - [2026-06-12T14:15:39.004+0000] {dag.py:3118} INFO - Creating ORM DAG for produce_json_3
[2026-06-12T14:15:39.028+0000] {logging_mixin.py:188} INFO - [2026-06-12T14:15:39.028+0000] {dag.py:3954} INFO - Setting next_dagrun for produce_json_3 to 2026-06-12 14:17:00+00:00, run_after=2026-06-13 14:17:00+00:00
[2026-06-12T14:15:39.069+0000] {processor.py:183} INFO - Processing /opt/airflow/dags/main.py took 0.855 seconds
[2026-06-12T14:16:12.717+0000] {processor.py:161} INFO - Started process (PID=45) to work on /opt/airflow/dags/main.py
[2026-06-12T14:16:12.720+0000] {processor.py:830} INFO - Processing file /opt/airflow/dags/main.py for tasks to queue
[2026-06-12T14:16:12.723+0000] {logging_mixin.py:188} INFO - [2026-06-12T14:16:12.723+0000] {dagbag.py:545} INFO - Filling up the DagBag from /opt/airflow/dags/main.py
[2026-06-12T14:16:12.809+0000] {processor.py:840} INFO - DAG(s) 'produce_json_3' retrieved from /opt/airflow/dags/main.py
[2026-06-12T14:16:12.883+0000] {logging_mixin.py:188} INFO - [2026-06-12T14:16:12.882+0000] {dag.py:3096} INFO - Sync 1 DAGs
[2026-06-12T14:16:12.917+0000] {logging_mixin.py:188} INFO - [2026-06-12T14:16:12.917+0000] {dag.py:3954} INFO - Setting next_dagrun for produce_json_3 to 2026-06-12 14:17:00+00:00, run_after=2026-06-13 14:17:00+00:00
[2026-06-12T14:16:12.953+0000] {processor.py:183} INFO - Processing /opt/airflow/dags/main.py took 0.251 seconds
[2026-06-12T14:16:48.368+0000] {processor.py:161} INFO - Started process (PID=41) to work on /opt/airflow/dags/main.py
[2026-06-12T14:16:48.370+0000] {processor.py:830} INFO - Processing file /opt/airflow/dags/main.py for tasks to queue
[2026-06-12T14:16:48.376+0000] {logging_mixin.py:188} INFO - [2026-06-12T14:16:48.376+0000] {dagbag.py:545} INFO - Filling up the DagBag from /opt/airflow/dags/main.py
[2026-06-12T14:16:48.459+0000] {processor.py:840} INFO - DAG(s) 'produce_json_3' retrieved from /opt/airflow/dags/main.py
[2026-06-12T14:16:48.533+0000] {logging_mixin.py:188} INFO - [2026-06-12T14:16:48.533+0000] {dag.py:3096} INFO - Sync 1 DAGs
[2026-06-12T14:16:48.578+0000] {logging_mixin.py:188} INFO - [2026-06-12T14:16:48.578+0000] {dag.py:3954} INFO - Setting next_dagrun for produce_json_3 to 2026-06-12 14:17:00+00:00, run_after=2026-06-13 14:17:00+00:00
[2026-06-12T14:16:48.618+0000] {processor.py:183} INFO - Processing /opt/airflow/dags/main.py took 0.259 seconds
[2026-06-12T14:17:31.549+0000] {processor.py:161} INFO - Started process (PID=51) to work on /opt/airflow/dags/main.py
[2026-06-12T14:17:31.566+0000] {processor.py:830} INFO - Processing file /opt/airflow/dags/main.py for tasks to queue
[2026-06-12T14:17:31.581+0000] {logging_mixin.py:188} INFO - [2026-06-12T14:17:31.576+0000] {dagbag.py:545} INFO - Filling up the DagBag from /opt/airflow/dags/main.py
[2026-06-12T14:17:31.940+0000] {processor.py:840} INFO - DAG(s) 'produce_json_3' retrieved from /opt/airflow/dags/main.py
[2026-06-12T14:17:32.178+0000] {logging_mixin.py:188} INFO - [2026-06-12T14:17:32.178+0000] {dag.py:3096} INFO - Sync 1 DAGs
[2026-06-12T14:17:32.232+0000] {logging_mixin.py:188} INFO - [2026-06-12T14:17:32.232+0000] {dag.py:3954} INFO - Setting next_dagrun for produce_json_3 to 2026-06-12 14:17:00+00:00, run_after=2026-06-13 14:17:00+00:00
[2026-06-12T14:17:32.297+0000] {processor.py:183} INFO - Processing /opt/airflow/dags/main.py took 0.776 seconds
[2026-06-12T14:18:21.709+0000] {processor.py:161} INFO - Started process (PID=62) to work on /opt/airflow/dags/main.py
[2026-06-12T14:18:21.711+0000] {processor.py:830} INFO - Processing file /opt/airflow/dags/main.py for tasks to queue
[2026-06-12T14:18:21.719+0000] {logging_mixin.py:188} INFO - [2026-06-12T14:18:21.718+0000] {dagbag.py:545} INFO - Filling up the DagBag from /opt/airflow/dags/main.py
[2026-06-12T14:18:21.979+0000] {processor.py:840} INFO - DAG(s) 'produce_json_3' retrieved from /opt/airflow/dags/main.py
[2026-06-12T14:18:22.728+0000] {logging_mixin.py:188} INFO - [2026-06-12T14:18:22.727+0000] {dag.py:3096} INFO - Sync 1 DAGs
[2026-06-12T14:18:23.031+0000] {logging_mixin.py:188} INFO - [2026-06-12T14:18:23.031+0000] {dag.py:3954} INFO - Setting next_dagrun for produce_json_3 to 2026-06-12 14:17:00+00:00, run_after=2026-06-13 14:17:00+00:00
[2026-06-12T14:18:23.207+0000] {processor.py:183} INFO - Processing /opt/airflow/dags/main.py took 1.529 seconds
[2026-06-12T14:19:12.618+0000] {processor.py:161} INFO - Started process (PID=56) to work on /opt/airflow/dags/main.py
[2026-06-12T14:19:12.620+0000] {processor.py:830} INFO - Processing file /opt/airflow/dags/main.py for tasks to queue
[2026-06-12T14:19:12.624+0000] {logging_mixin.py:188} INFO - [2026-06-12T14:19:12.623+0000] {dagbag.py:545} INFO - Filling up the DagBag from /opt/airflow/dags/main.py
[2026-06-12T14:19:12.755+0000] {processor.py:840} INFO - DAG(s) 'produce_json_3' retrieved from /opt/airflow/dags/main.py
[2026-06-12T14:19:12.958+0000] {logging_mixin.py:188} INFO - [2026-06-12T14:19:12.957+0000] {dag.py:3096} INFO - Sync 1 DAGs
[2026-06-12T14:19:12.973+0000] {logging_mixin.py:188} INFO - [2026-06-12T14:19:12.972+0000] {dag.py:3118} INFO - Creating ORM DAG for produce_json_3
[2026-06-12T14:19:12.997+0000] {logging_mixin.py:188} INFO - [2026-06-12T14:19:12.996+0000] {dag.py:3954} INFO - Setting next_dagrun for produce_json_3 to 2026-06-12 14:17:00+00:00, run_after=2026-06-13 14:17:00+00:00
[2026-06-12T14:19:13.025+0000] {processor.py:183} INFO - Processing /opt/airflow/dags/main.py took 0.424 seconds
[2026-06-12T14:19:52.996+0000] {processor.py:161} INFO - Started process (PID=47) to work on /opt/airflow/dags/main.py
[2026-06-12T14:19:52.997+0000] {processor.py:830} INFO - Processing file /opt/airflow/dags/main.py for tasks to queue
[2026-06-12T14:19:53.010+0000] {logging_mixin.py:188} INFO - [2026-06-12T14:19:53.010+0000] {dagbag.py:545} INFO - Filling up the DagBag from /opt/airflow/dags/main.py
[2026-06-12T14:19:53.215+0000] {processor.py:840} INFO - DAG(s) 'produce_json_3' retrieved from /opt/airflow/dags/main.py
[2026-06-12T14:19:53.353+0000] {logging_mixin.py:188} INFO - [2026-06-12T14:19:53.352+0000] {dag.py:3096} INFO - Sync 1 DAGs
[2026-06-12T14:19:53.404+0000] {logging_mixin.py:188} INFO - [2026-06-12T14:19:53.403+0000] {dag.py:3954} INFO - Setting next_dagrun for produce_json_3 to 2026-06-12 14:17:00+00:00, run_after=2026-06-13 14:17:00+00:00
[2026-06-12T14:19:53.453+0000] {processor.py:183} INFO - Processing /opt/airflow/dags/main.py took 0.478 seconds
[2026-06-12T14:20:37.201+0000] {processor.py:161} INFO - Started process (PID=55) to work on /opt/airflow/dags/main.py
[2026-06-12T14:20:37.208+0000] {processor.py:830} INFO - Processing file /opt/airflow/dags/main.py for tasks to queue
[2026-06-12T14:20:37.219+0000] {logging_mixin.py:188} INFO - [2026-06-12T14:20:37.219+0000] {dagbag.py:545} INFO - Filling up the DagBag from /opt/airflow/dags/main.py
[2026-06-12T14:20:37.344+0000] {processor.py:840} INFO - DAG(s) 'produce_json_3' retrieved from /opt/airflow/dags/main.py
[2026-06-12T14:20:37.464+0000] {logging_mixin.py:188} INFO - [2026-06-12T14:20:37.464+0000] {dag.py:3096} INFO - Sync 1 DAGs
[2026-06-12T14:20:37.547+0000] {logging_mixin.py:188} INFO - [2026-06-12T14:20:37.547+0000] {dag.py:3954} INFO - Setting next_dagrun for produce_json_3 to 2026-06-12 14:17:00+00:00, run_after=2026-06-13 14:17:00+00:00
[2026-06-12T14:20:37.611+0000] {processor.py:183} INFO - Processing /opt/airflow/dags/main.py took 0.451 seconds
[2026-06-12T14:21:17.253+0000] {processor.py:161} INFO - Started process (PID=49) to work on /opt/airflow/dags/main.py
[2026-06-12T14:21:17.260+0000] {processor.py:830} INFO - Processing file /opt/airflow/dags/main.py for tasks to queue
[2026-06-12T14:21:17.265+0000] {logging_mixin.py:188} INFO - [2026-06-12T14:21:17.264+0000] {dagbag.py:545} INFO - Filling up the DagBag from /opt/airflow/dags/main.py
[2026-06-12T14:21:17.374+0000] {processor.py:840} INFO - DAG(s) 'produce_json_3' retrieved from /opt/airflow/dags/main.py
[2026-06-12T14:21:17.454+0000] {logging_mixin.py:188} INFO - [2026-06-12T14:21:17.454+0000] {dag.py:3096} INFO - Sync 1 DAGs
[2026-06-12T14:21:17.489+0000] {logging_mixin.py:188} INFO - [2026-06-12T14:21:17.489+0000] {dag.py:3954} INFO - Setting next_dagrun for produce_json_3 to 2026-06-12 14:17:00+00:00, run_after=2026-06-13 14:17:00+00:00
[2026-06-12T14:21:17.529+0000] {processor.py:183} INFO - Processing /opt/airflow/dags/main.py took 0.289 seconds
[2026-06-12T14:21:58.341+0000] {processor.py:161} INFO - Started process (PID=48) to work on /opt/airflow/dags/main.py
[2026-06-12T14:21:58.343+0000] {processor.py:830} INFO - Processing file /opt/airflow/dags/main.py for tasks to queue
[2026-06-12T14:21:58.346+0000] {logging_mixin.py:188} INFO - [2026-06-12T14:21:58.345+0000] {dagbag.py:545} INFO - Filling up the DagBag from /opt/airflow/dags/main.py
[2026-06-12T14:21:58.476+0000] {processor.py:840} INFO - DAG(s) 'produce_json_3' retrieved from /opt/airflow/dags/main.py
[2026-06-12T14:21:58.572+0000] {logging_mixin.py:188} INFO - [2026-06-12T14:21:58.571+0000] {dag.py:3096} INFO - Sync 1 DAGs
[2026-06-12T14:21:58.615+0000] {logging_mixin.py:188} INFO - [2026-06-12T14:21:58.615+0000] {dag.py:3954} INFO - Setting next_dagrun for produce_json_3 to 2026-06-12 14:17:00+00:00, run_after=2026-06-13 14:17:00+00:00
[2026-06-12T14:21:58.662+0000] {processor.py:183} INFO - Processing /opt/airflow/dags/main.py took 0.335 seconds
[2026-06-12T14:22:39.094+0000] {processor.py:161} INFO - Started process (PID=51) to work on /opt/airflow/dags/main.py
[2026-06-12T14:22:39.111+0000] {processor.py:830} INFO - Processing file /opt/airflow/dags/main.py for tasks to queue
[2026-06-12T14:22:39.115+0000] {logging_mixin.py:188} INFO - [2026-06-12T14:22:39.114+0000] {dagbag.py:545} INFO - Filling up the DagBag from /opt/airflow/dags/main.py
[2026-06-12T14:22:39.261+0000] {processor.py:840} INFO - DAG(s) 'produce_json_3' retrieved from /opt/airflow/dags/main.py
[2026-06-12T14:22:39.344+0000] {logging_mixin.py:188} INFO - [2026-06-12T14:22:39.344+0000] {dag.py:3096} INFO - Sync 1 DAGs
[2026-06-12T14:22:39.393+0000] {logging_mixin.py:188} INFO - [2026-06-12T14:22:39.392+0000] {dag.py:3954} INFO - Setting next_dagrun for produce_json_3 to 2026-06-12 14:17:00+00:00, run_after=2026-06-13 14:17:00+00:00
[2026-06-12T14:22:39.438+0000] {processor.py:183} INFO - Processing /opt/airflow/dags/main.py took 0.363 seconds
[2026-06-12T14:23:15.648+0000] {processor.py:161} INFO - Started process (PID=48) to work on /opt/airflow/dags/main.py
[2026-06-12T14:23:15.650+0000] {processor.py:830} INFO - Processing file /opt/airflow/dags/main.py for tasks to queue
[2026-06-12T14:23:15.658+0000] {logging_mixin.py:188} INFO - [2026-06-12T14:23:15.658+0000] {dagbag.py:545} INFO - Filling up the DagBag from /opt/airflow/dags/main.py
[2026-06-12T14:23:15.762+0000] {processor.py:840} INFO - DAG(s) 'produce_json_3' retrieved from /opt/airflow/dags/main.py
[2026-06-12T14:23:15.854+0000] {logging_mixin.py:188} INFO - [2026-06-12T14:23:15.854+0000] {dag.py:3096} INFO - Sync 1 DAGs
[2026-06-12T14:23:15.898+0000] {logging_mixin.py:188} INFO - [2026-06-12T14:23:15.897+0000] {dag.py:3954} INFO - Setting next_dagrun for produce_json_3 to 2026-06-12 14:17:00+00:00, run_after=2026-06-13 14:17:00+00:00
[2026-06-12T14:23:15.940+0000] {processor.py:183} INFO - Processing /opt/airflow/dags/main.py took 0.304 seconds
[2026-06-12T14:24:00.235+0000] {processor.py:161} INFO - Started process (PID=55) to work on /opt/airflow/dags/main.py
[2026-06-12T14:24:00.237+0000] {processor.py:830} INFO - Processing file /opt/airflow/dags/main.py for tasks to queue
[2026-06-12T14:24:00.247+0000] {logging_mixin.py:188} INFO - [2026-06-12T14:24:00.246+0000] {dagbag.py:545} INFO - Filling up the DagBag from /opt/airflow/dags/main.py
[2026-06-12T14:24:00.478+0000] {processor.py:840} INFO - DAG(s) 'produce_json_3' retrieved from /opt/airflow/dags/main.py
[2026-06-12T14:24:00.646+0000] {logging_mixin.py:188} INFO - [2026-06-12T14:24:00.646+0000] {dag.py:3096} INFO - Sync 1 DAGs
[2026-06-12T14:24:00.719+0000] {logging_mixin.py:188} INFO - [2026-06-12T14:24:00.718+0000] {dag.py:3954} INFO - Setting next_dagrun for produce_json_3 to 2026-06-12 14:17:00+00:00, run_after=2026-06-13 14:17:00+00:00
[2026-06-12T14:24:00.800+0000] {processor.py:183} INFO - Processing /opt/airflow/dags/main.py took 0.597 seconds
[2026-06-12T14:24:49.968+0000] {processor.py:161} INFO - Started process (PID=56) to work on /opt/airflow/dags/main.py
[2026-06-12T14:24:49.975+0000] {processor.py:830} INFO - Processing file /opt/airflow/dags/main.py for tasks to queue
[2026-06-12T14:24:49.979+0000] {logging_mixin.py:188} INFO - [2026-06-12T14:24:49.978+0000] {dagbag.py:545} INFO - Filling up the DagBag from /opt/airflow/dags/main.py
[2026-06-12T14:24:50.090+0000] {processor.py:840} INFO - DAG(s) 'produce_json_3' retrieved from /opt/airflow/dags/main.py
[2026-06-12T14:24:50.179+0000] {logging_mixin.py:188} INFO - [2026-06-12T14:24:50.179+0000] {dag.py:3096} INFO - Sync 1 DAGs
[2026-06-12T14:24:50.217+0000] {logging_mixin.py:188} INFO - [2026-06-12T14:24:50.217+0000] {dag.py:3954} INFO - Setting next_dagrun for produce_json_3 to 2026-06-12 14:17:00+00:00, run_after=2026-06-13 14:17:00+00:00
[2026-06-12T14:24:50.259+0000] {processor.py:183} INFO - Processing /opt/airflow/dags/main.py took 0.311 seconds
[2026-06-12T14:25:20.372+0000] {processor.py:161} INFO - Started process (PID=63) to work on /opt/airflow/dags/main.py
[2026-06-12T14:25:20.373+0000] {processor.py:830} INFO - Processing file /opt/airflow/dags/main.py for tasks to queue
[2026-06-12T14:25:20.377+0000] {logging_mixin.py:188} INFO - [2026-06-12T14:25:20.376+0000] {dagbag.py:545} INFO - Filling up the DagBag from /opt/airflow/dags/main.py
[2026-06-12T14:25:20.473+0000] {processor.py:840} INFO - DAG(s) 'produce_json_3' retrieved from /opt/airflow/dags/main.py
[2026-06-12T14:25:20.512+0000] {logging_mixin.py:188} INFO - [2026-06-12T14:25:20.512+0000] {dag.py:3096} INFO - Sync 1 DAGs
[2026-06-12T14:25:20.542+0000] {logging_mixin.py:188} INFO - [2026-06-12T14:25:20.542+0000] {dag.py:3954} INFO - Setting next_dagrun for produce_json_3 to 2026-06-12 14:17:00+00:00, run_after=2026-06-13 14:17:00+00:00
[2026-06-12T14:25:20.573+0000] {processor.py:183} INFO - Processing /opt/airflow/dags/main.py took 0.213 seconds
[2026-06-12T14:25:51.490+0000] {processor.py:161} INFO - Started process (PID=70) to work on /opt/airflow/dags/main.py
[2026-06-12T14:25:51.502+0000] {processor.py:830} INFO - Processing file /opt/airflow/dags/main.py for tasks to queue
[2026-06-12T14:25:51.505+0000] {logging_mixin.py:188} INFO - [2026-06-12T14:25:51.503+0000] {dagbag.py:545} INFO - Filling up the DagBag from /opt/airflow/dags/main.py
[2026-06-12T14:25:51.726+0000] {processor.py:840} INFO - DAG(s) 'produce_json_3' retrieved from /opt/airflow/dags/main.py
[2026-06-12T14:25:51.872+0000] {logging_mixin.py:188} INFO - [2026-06-12T14:25:51.872+0000] {dag.py:3096} INFO - Sync 1 DAGs
[2026-06-12T14:25:52.015+0000] {logging_mixin.py:188} INFO - [2026-06-12T14:25:52.015+0000] {dag.py:3954} INFO - Setting next_dagrun for produce_json_3 to 2026-06-12 14:17:00+00:00, run_after=2026-06-13 14:17:00+00:00
[2026-06-12T14:25:52.114+0000] {processor.py:183} INFO - Processing /opt/airflow/dags/main.py took 0.648 seconds
[2026-06-12T14:26:22.574+0000] {processor.py:161} INFO - Started process (PID=76) to work on /opt/airflow/dags/main.py
[2026-06-12T14:26:22.576+0000] {processor.py:830} INFO - Processing file /opt/airflow/dags/main.py for tasks to queue
[2026-06-12T14:26:22.578+0000] {logging_mixin.py:188} INFO - [2026-06-12T14:26:22.577+0000] {dagbag.py:545} INFO - Filling up the DagBag from /opt/airflow/dags/main.py
[2026-06-12T14:26:22.714+0000] {processor.py:840} INFO - DAG(s) 'produce_json_3' retrieved from /opt/airflow/dags/main.py
[2026-06-12T14:26:22.797+0000] {logging_mixin.py:188} INFO - [2026-06-12T14:26:22.796+0000] {dag.py:3096} INFO - Sync 1 DAGs
[2026-06-12T14:26:22.909+0000] {logging_mixin.py:188} INFO - [2026-06-12T14:26:22.898+0000] {dag.py:3954} INFO - Setting next_dagrun for produce_json_3 to 2026-06-12 14:17:00+00:00, run_after=2026-06-13 14:17:00+00:00
[2026-06-12T14:26:22.997+0000] {processor.py:183} INFO - Processing /opt/airflow/dags/main.py took 0.446 seconds
[2026-06-12T14:26:53.300+0000] {processor.py:161} INFO - Started process (PID=83) to work on /opt/airflow/dags/main.py
[2026-06-12T14:26:53.302+0000] {processor.py:830} INFO - Processing file /opt/airflow/dags/main.py for tasks to queue
[2026-06-12T14:26:53.304+0000] {logging_mixin.py:188} INFO - [2026-06-12T14:26:53.304+0000] {dagbag.py:545} INFO - Filling up the DagBag from /opt/airflow/dags/main.py
[2026-06-12T14:26:53.375+0000] {processor.py:840} INFO - DAG(s) 'produce_json_3' retrieved from /opt/airflow/dags/main.py
[2026-06-12T14:26:53.420+0000] {logging_mixin.py:188} INFO - [2026-06-12T14:26:53.419+0000] {dag.py:3096} INFO - Sync 1 DAGs
[2026-06-12T14:26:53.451+0000] {logging_mixin.py:188} INFO - [2026-06-12T14:26:53.451+0000] {dag.py:3954} INFO - Setting next_dagrun for produce_json_3 to 2026-06-12 14:17:00+00:00, run_after=2026-06-13 14:17:00+00:00
[2026-06-12T14:26:53.484+0000] {processor.py:183} INFO - Processing /opt/airflow/dags/main.py took 0.194 seconds
[2026-06-12T14:27:23.728+0000] {processor.py:161} INFO - Started process (PID=90) to work on /opt/airflow/dags/main.py
[2026-06-12T14:27:23.730+0000] {processor.py:830} INFO - Processing file /opt/airflow/dags/main.py for tasks to queue
[2026-06-12T14:27:23.732+0000] {logging_mixin.py:188} INFO - [2026-06-12T14:27:23.732+0000] {dagbag.py:545} INFO - Filling up the DagBag from /opt/airflow/dags/main.py
[2026-06-12T14:27:23.816+0000] {processor.py:840} INFO - DAG(s) 'produce_json_3' retrieved from /opt/airflow/dags/main.py
[2026-06-12T14:27:23.866+0000] {logging_mixin.py:188} INFO - [2026-06-12T14:27:23.866+0000] {dag.py:3096} INFO - Sync 1 DAGs
[2026-06-12T14:27:23.900+0000] {logging_mixin.py:188} INFO - [2026-06-12T14:27:23.899+0000] {dag.py:3954} INFO - Setting next_dagrun for produce_json_3 to 2026-06-12 14:17:00+00:00, run_after=2026-06-13 14:17:00+00:00
[2026-06-12T14:27:23.936+0000] {processor.py:183} INFO - Processing /opt/airflow/dags/main.py took 0.219 seconds
[2026-06-12T14:27:54.194+0000] {processor.py:161} INFO - Started process (PID=97) to work on /opt/airflow/dags/main.py
[2026-06-12T14:27:54.196+0000] {processor.py:830} INFO - Processing file /opt/airflow/dags/main.py for tasks to queue
[2026-06-12T14:27:54.198+0000] {logging_mixin.py:188} INFO - [2026-06-12T14:27:54.197+0000] {dagbag.py:545} INFO - Filling up the DagBag from /opt/airflow/dags/main.py
[2026-06-12T14:27:54.283+0000] {processor.py:840} INFO - DAG(s) 'produce_json_3' retrieved from /opt/airflow/dags/main.py
[2026-06-12T14:27:54.327+0000] {logging_mixin.py:188} INFO - [2026-06-12T14:27:54.326+0000] {dag.py:3096} INFO - Sync 1 DAGs
[2026-06-12T14:27:54.360+0000] {logging_mixin.py:188} INFO - [2026-06-12T14:27:54.360+0000] {dag.py:3954} INFO - Setting next_dagrun for produce_json_3 to 2026-06-12 14:17:00+00:00, run_after=2026-06-13 14:17:00+00:00
[2026-06-12T14:27:54.397+0000] {processor.py:183} INFO - Processing /opt/airflow/dags/main.py took 0.215 seconds
[2026-06-12T14:28:24.655+0000] {processor.py:161} INFO - Started process (PID=104) to work on /opt/airflow/dags/main.py
[2026-06-12T14:28:24.657+0000] {processor.py:830} INFO - Processing file /opt/airflow/dags/main.py for tasks to queue
[2026-06-12T14:28:24.658+0000] {logging_mixin.py:188} INFO - [2026-06-12T14:28:24.658+0000] {dagbag.py:545} INFO - Filling up the DagBag from /opt/airflow/dags/main.py
[2026-06-12T14:28:24.763+0000] {processor.py:840} INFO - DAG(s) 'produce_json_3' retrieved from /opt/airflow/dags/main.py
[2026-06-12T14:28:24.818+0000] {logging_mixin.py:188} INFO - [2026-06-12T14:28:24.818+0000] {dag.py:3096} INFO - Sync 1 DAGs
[2026-06-12T14:28:24.861+0000] {logging_mixin.py:188} INFO - [2026-06-12T14:28:24.861+0000] {dag.py:3954} INFO - Setting next_dagrun for produce_json_3 to 2026-06-12 14:17:00+00:00, run_after=2026-06-13 14:17:00+00:00
[2026-06-12T14:28:24.892+0000] {processor.py:183} INFO - Processing /opt/airflow/dags/main.py took 0.248 seconds
[2026-06-12T14:28:55.134+0000] {processor.py:161} INFO - Started process (PID=111) to work on /opt/airflow/dags/main.py
[2026-06-12T14:28:55.137+0000] {processor.py:830} INFO - Processing file /opt/airflow/dags/main.py for tasks to queue
[2026-06-12T14:28:55.138+0000] {logging_mixin.py:188} INFO - [2026-06-12T14:28:55.138+0000] {dagbag.py:545} INFO - Filling up the DagBag from /opt/airflow/dags/main.py
[2026-06-12T14:28:55.216+0000] {processor.py:840} INFO - DAG(s) 'produce_json_3' retrieved from /opt/airflow/dags/main.py
[2026-06-12T14:28:55.259+0000] {logging_mixin.py:188} INFO - [2026-06-12T14:28:55.259+0000] {dag.py:3096} INFO - Sync 1 DAGs
[2026-06-12T14:28:55.292+0000] {logging_mixin.py:188} INFO - [2026-06-12T14:28:55.292+0000] {dag.py:3954} INFO - Setting next_dagrun for produce_json_3 to 2026-06-12 14:17:00+00:00, run_after=2026-06-13 14:17:00+00:00
[2026-06-12T14:28:55.322+0000] {processor.py:183} INFO - Processing /opt/airflow/dags/main.py took 0.199 seconds
[2026-06-12T14:29:25.606+0000] {processor.py:161} INFO - Started process (PID=118) to work on /opt/airflow/dags/main.py
[2026-06-12T14:29:25.607+0000] {processor.py:830} INFO - Processing file /opt/airflow/dags/main.py for tasks to queue
[2026-06-12T14:29:25.609+0000] {logging_mixin.py:188} INFO - [2026-06-12T14:29:25.608+0000] {dagbag.py:545} INFO - Filling up the DagBag from /opt/airflow/dags/main.py
[2026-06-12T14:29:25.682+0000] {processor.py:840} INFO - DAG(s) 'produce_json_3' retrieved from /opt/airflow/dags/main.py
[2026-06-12T14:29:25.732+0000] {logging_mixin.py:188} INFO - [2026-06-12T14:29:25.732+0000] {dag.py:3096} INFO - Sync 1 DAGs
[2026-06-12T14:29:25.767+0000] {logging_mixin.py:188} INFO - [2026-06-12T14:29:25.767+0000] {dag.py:3954} INFO - Setting next_dagrun for produce_json_3 to 2026-06-12 14:17:00+00:00, run_after=2026-06-13 14:17:00+00:00
[2026-06-12T14:29:25.810+0000] {processor.py:183} INFO - Processing /opt/airflow/dags/main.py took 0.216 seconds
[2026-06-12T14:29:55.942+0000] {processor.py:161} INFO - Started process (PID=125) to work on /opt/airflow/dags/main.py
[2026-06-12T14:29:55.945+0000] {processor.py:830} INFO - Processing file /opt/airflow/dags/main.py for tasks to queue
[2026-06-12T14:29:55.946+0000] {logging_mixin.py:188} INFO - [2026-06-12T14:29:55.946+0000] {dagbag.py:545} INFO - Filling up the DagBag from /opt/airflow/dags/main.py
[2026-06-12T14:29:56.019+0000] {processor.py:840} INFO - DAG(s) 'produce_json_3' retrieved from /opt/airflow/dags/main.py
[2026-06-12T14:29:56.068+0000] {logging_mixin.py:188} INFO - [2026-06-12T14:29:56.068+0000] {dag.py:3096} INFO - Sync 1 DAGs
[2026-06-12T14:29:56.101+0000] {logging_mixin.py:188} INFO - [2026-06-12T14:29:56.101+0000] {dag.py:3954} INFO - Setting next_dagrun for produce_json_3 to 2026-06-12 14:17:00+00:00, run_after=2026-06-13 14:17:00+00:00
[2026-06-12T14:29:56.135+0000] {processor.py:183} INFO - Processing /opt/airflow/dags/main.py took 0.208 seconds
[2026-06-12T14:30:26.341+0000] {processor.py:161} INFO - Started process (PID=132) to work on /opt/airflow/dags/main.py
[2026-06-12T14:30:26.343+0000] {processor.py:830} INFO - Processing file /opt/airflow/dags/main.py for tasks to queue
[2026-06-12T14:30:26.345+0000] {logging_mixin.py:188} INFO - [2026-06-12T14:30:26.344+0000] {dagbag.py:545} INFO - Filling up the DagBag from /opt/airflow/dags/main.py
[2026-06-12T14:30:26.432+0000] {processor.py:840} INFO - DAG(s) 'produce_json_3' retrieved from /opt/airflow/dags/main.py
[2026-06-12T14:30:26.479+0000] {logging_mixin.py:188} INFO - [2026-06-12T14:30:26.479+0000] {dag.py:3096} INFO - Sync 1 DAGs
[2026-06-12T14:30:26.513+0000] {logging_mixin.py:188} INFO - [2026-06-12T14:30:26.513+0000] {dag.py:3954} INFO - Setting next_dagrun for produce_json_3 to 2026-06-12 14:17:00+00:00, run_after=2026-06-13 14:17:00+00:00
[2026-06-12T14:30:26.546+0000] {processor.py:183} INFO - Processing /opt/airflow/dags/main.py took 0.218 seconds
[2026-06-12T14:30:56.730+0000] {processor.py:161} INFO - Started process (PID=139) to work on /opt/airflow/dags/main.py
[2026-06-12T14:30:56.731+0000] {processor.py:830} INFO - Processing file /opt/airflow/dags/main.py for tasks to queue
[2026-06-12T14:30:56.733+0000] {logging_mixin.py:188} INFO - [2026-06-12T14:30:56.732+0000] {dagbag.py:545} INFO - Filling up the DagBag from /opt/airflow/dags/main.py
[2026-06-12T14:30:56.858+0000] {processor.py:840} INFO - DAG(s) 'produce_json_3' retrieved from /opt/airflow/dags/main.py
[2026-06-12T14:30:56.920+0000] {logging_mixin.py:188} INFO - [2026-06-12T14:30:56.920+0000] {dag.py:3096} INFO - Sync 1 DAGs
[2026-06-12T14:30:56.968+0000] {logging_mixin.py:188} INFO - [2026-06-12T14:30:56.968+0000] {dag.py:3954} INFO - Setting next_dagrun for produce_json_3 to 2026-06-12 14:17:00+00:00, run_after=2026-06-13 14:17:00+00:00
[2026-06-12T14:30:57.054+0000] {processor.py:183} INFO - Processing /opt/airflow/dags/main.py took 0.335 seconds
